#
# A fatal error has been detected by the Java Runtime Environment:
#
#  EXCEPTION_ACCESS_VIOLATION (0xc0000005) at pc=0x00007ff9939ca895, pid=20852, tid=3220
#
# JRE version: OpenJDK Runtime Environment AdoptOpenJDK (14.0.2+12) (build 14.0.2+12)
# Java VM: OpenJDK 64-Bit Server VM AdoptOpenJDK (14.0.2+12, mixed mode, sharing, tiered, compressed oops, g1 gc, windows-amd64)
# Problematic frame:
# V  [jvm.dll+0x2ea895]
#
# No core dump will be written. Minidumps are not enabled by default on client versions of Windows
#
# If you would like to submit a bug report, please visit:
#   https://github.com/AdoptOpenJDK/openjdk-support/issues
#

---------------  S U M M A R Y ------------

Command Line: --add-modules=javafx.controls,javafx.fxml --module-path=C:\Users\Ashraf\.gradle\caches\modules-2\files-2.1\org.openjfx\javafx-fxml\12.0.1\5397068b7fb8f8db6631242d78e14f7d6db07d51\javafx-fxml-12.0.1-win.jar;C:\Users\Ashraf\.gradle\caches\modules-2\files-2.1\org.openjfx\javafx-controls\12.0.1\838555460c025b8df0fbc0fa03bf3f3767698f89\javafx-controls-12.0.1-win.jar;C:\Users\Ashraf\.gradle\caches\modules-2\files-2.1\org.openjfx\javafx-graphics\12.0.1\18a01ffdd4edb82e7da3bc99937c6a608d1eaaa6\javafx-graphics-12.0.1-win.jar;C:\Users\Ashraf\.gradle\caches\modules-2\files-2.1\org.openjfx\javafx-base\12.0.1\6f5947b255bb26e072862b3bb0c32d54d8effe84\javafx-base-12.0.1-win.jar -Dfile.encoding=windows-1252 -Duser.country=IE -Duser.language=en -Duser.variant Main

Host: Intel(R) Core(TM) i7-7700K CPU @ 4.20GHz, 8 cores, 15G,  Windows 10 , 64 bit Build 18362 (10.0.18362.1350)
Time: Sun Feb 21 04:17:05 2021 GMT Standard Time elapsed time: 0 seconds (0d 0h 0m 0s)

---------------  T H R E A D  ---------------

Current thread (0x0000022d7ebf8000):  JavaThread "C2 CompilerThread1" daemon [_thread_in_native, id=3220, stack(0x000000fb53700000,0x000000fb53800000)]


Current CompileTask:
C2:    763 1218       4       java.util.HashMap::resize (356 bytes)

Stack: [0x000000fb53700000,0x000000fb53800000],  sp=0x000000fb537fb540,  free space=1005k
Native frames: (J=compiled Java code, j=interpreted, Vv=VM code, C=native code)
V  [jvm.dll+0x2ea895]
V  [jvm.dll+0x2eb913]
V  [jvm.dll+0x2e933a]
V  [jvm.dll+0x2e894a]
V  [jvm.dll+0x1e7bd6]
V  [jvm.dll+0x1e6e78]
V  [jvm.dll+0x179d0c]
V  [jvm.dll+0x1f5f55]
V  [jvm.dll+0x1f413b]
V  [jvm.dll+0x75c3ad]
V  [jvm.dll+0x7551ba]
V  [jvm.dll+0x5fc4d6]
C  [ucrtbase.dll+0x210b2]
C  [KERNEL32.DLL+0x17c24]
C  [ntdll.dll+0x6d721]


siginfo: EXCEPTION_ACCESS_VIOLATION (0xc0000005), reading address 0x0000001100000039


Register to memory mapping:

RIP=0x00007ff9939ca895 jvm.dll
RAX=0x000000fb537fbae0 is pointing into the stack for thread: 0x0000022d7ebf8000
RBX=0x0000022d7ed3d0f0 points into unknown readable memory: f8 a0 ee 93 f9 7f 00 00
RCX=0x000000000000000f is an unknown value
RDX=0x0000000000000004 is an unknown value
RSP=0x000000fb537fb540 is pointing into the stack for thread: 0x0000022d7ebf8000
RBP=0x0000000000000025 is an unknown value
RSI=0x0 is NULL
RDI=0x0 is NULL
R8 =0x0000001100000011 is an unknown value
R9 =0x0 is NULL
R10=0x0000022d7f2256f0 points into unknown readable memory: c0 d2 d3 7e 2d 02 00 00
R11=0x0000022d7f225730 points into unknown readable memory: 18 3b d0 7e 2d 02 00 00
R12=0x0000022d7ed3cf00 points into unknown readable memory: 78 79 ee 93 f9 7f 00 00
R13=0x000000fb537fbae0 is pointing into the stack for thread: 0x0000022d7ebf8000
R14=0x0000022d7ed3cfb8 points into unknown readable memory: 80 12 f1 93 f9 7f 00 00
R15=0x000000fb537fb5a0 is pointing into the stack for thread: 0x0000022d7ebf8000


Registers:
RAX=0x000000fb537fbae0, RBX=0x0000022d7ed3d0f0, RCX=0x000000000000000f, RDX=0x0000000000000004
RSP=0x000000fb537fb540, RBP=0x0000000000000025, RSI=0x0000000000000000, RDI=0x0000000000000000
R8 =0x0000001100000011, R9 =0x0000000000000000, R10=0x0000022d7f2256f0, R11=0x0000022d7f225730
R12=0x0000022d7ed3cf00, R13=0x000000fb537fbae0, R14=0x0000022d7ed3cfb8, R15=0x000000fb537fb5a0
RIP=0x00007ff9939ca895, EFLAGS=0x0000000000010246

Top of Stack: (sp=0x000000fb537fb540)
0x000000fb537fb540:   0000022d7ed3cf30 0000022d7ed3cf30
0x000000fb537fb550:   000000fb537fbae0 0000022d7ed3d280
0x000000fb537fb560:   0000022d7ed3cf30 0000022d7ed3d280
0x000000fb537fb570:   0000022d7ed3cf30 00007ff9939cb913
0x000000fb537fb580:   0000022d7f4f0560 0000022d7f4f0560
0x000000fb537fb590:   0000000000000000 0000022d7ed3d200
0x000000fb537fb5a0:   000000fb537fb690 000000fb537fb640
0x000000fb537fb5b0:   000000fb537fbae0 0000022d7eb698f0
0x000000fb537fb5c0:   0000000000000000 0000022d7eb698f0
0x000000fb537fb5d0:   0000022d7f34b2a0 0000022d7eb698f0
0x000000fb537fb5e0:   000000fb537fb6f0 00007ff9939c933a
0x000000fb537fb5f0:   0000022d7f4d90d0 0000022d7dd155d8
0x000000fb537fb600:   000000fb537fbae0 0000022d7eb698f0
0x000000fb537fb610:   0000022d7f267cd8 00007ff993776928
0x000000fb537fb620:   00000001537fb6e0 00007ffa03d8378d
0x000000fb537fb630:   0000000000000524 0000000000000000 

Instructions: (pc=0x00007ff9939ca895)
0x00007ff9939ca795:   48 83 c4 30 41 5f c3 48 89 5c 24 40 49 8d 40 f0
0x00007ff9939ca7a5:   48 89 6c 24 48 48 89 74 24 50 48 89 7c 24 58 4c
0x00007ff9939ca7b5:   89 64 24 28 4d 8b 20 4c 89 74 24 20 4d 8b f4 49
0x00007ff9939ca7c5:   83 e6 fe 41 80 e4 01 41 8b 7e 20 41 39 78 08 41
0x00007ff9939ca7d5:   0f 42 78 08 48 89 02 0f 1f 40 00 41 8b 76 28 8b
0x00007ff9939ca7e5:   de 49 8b 2f c1 eb 05 3b 5d 00 72 0a 8b d3 48 8b
0x00007ff9939ca7f5:   cd e8 c5 6c 49 00 48 8b 45 08 83 e6 1f 48 8d 14
0x00007ff9939ca805:   98 8b 04 98 0f ab f0 89 02 41 0f b6 46 2c 24 0f
0x00007ff9939ca815:   3c 08 75 09 49 8b 46 08 48 8b 08 eb 03 49 8b ce
0x00007ff9939ca825:   49 8b 47 10 33 f6 8b 51 28 48 8b 48 78 48 8b 04
0x00007ff9939ca835:   d1 8b 68 68 85 ff 0f 84 c2 00 00 00 0f 1f 40 00
0x00007ff9939ca845:   66 66 66 0f 1f 84 00 00 00 00 00 49 8b 5e 10 ff
0x00007ff9939ca855:   cf 4d 8b 07 48 8b 1c fb 8b 4b 28 8b c1 c1 e8 05
0x00007ff9939ca865:   41 3b 00 73 11 8b d0 83 e1 1f 49 8b 40 08 8b 04
0x00007ff9939ca875:   90 0f a3 c8 72 48 0f b6 43 2c 24 0f 3c 08 75 09
0x00007ff9939ca885:   48 8b 43 08 4c 8b 00 eb 03 4c 8b c3 49 8b 47 10
0x00007ff9939ca895:   41 8b 50 28 48 8b 48 78 48 8b 04 d1 39 68 68 72
0x00007ff9939ca8a5:   1d 75 0b 41 0f b6 40 2c 24 0f 3c 0c 74 10 48 8b
0x00007ff9939ca8b5:   cb 48 8b f3 e8 92 3a 2f 00 41 3a c4 74 04 85 ff
0x00007ff9939ca8c5:   75 89 48 85 f6 74 37 49 8b 5f 08 48 83 03 10 48
0x00007ff9939ca8d5:   8b 0b 48 3b 4b 08 72 0b 48 8b cb e8 1b 2a 2f 00
0x00007ff9939ca8e5:   48 8b 0b 41 0f b6 c4 49 0b c6 89 79 08 48 89 01
0x00007ff9939ca8f5:   4c 8b f6 8b 7e 20 45 32 e4 e9 dd fe ff ff 45 84
0x00007ff9939ca905:   e4 75 0c 41 8b 7e 20 41 b4 01 e9 cc fe ff ff 4c
0x00007ff9939ca915:   8b 64 24 28 49 8b c6 4c 8b 74 24 20 48 8b 7c 24
0x00007ff9939ca925:   58 48 8b 74 24 50 48 8b 6c 24 48 48 8b 5c 24 40
0x00007ff9939ca935:   48 83 c4 30 41 5f c3 cc cc cc cc 48 89 5c 24 08
0x00007ff9939ca945:   48 89 74 24 10 57 48 83 ec 20 8b 59 28 48 8b f9
0x00007ff9939ca955:   ff cb 3b 59 18 73 0a 48 8b 41 20 48 8b 34 d8 eb
0x00007ff9939ca965:   02 33 f6 48 8b 06 48 8b ce ff 50 20 48 3b c6 74
0x00007ff9939ca975:   03 2b 5f 48 3b 5f 18 73 0a 48 8b 47 20 48 8b 34
0x00007ff9939ca985:   d8 eb 02 33 f6 48 8b 06 48 8b ce ff 10 0f b7 4e 


Stack slot to memory mapping:
stack at sp + 0 slots: 0x0000022d7ed3cf30 points into unknown readable memory: 98 73 f0 93 f9 7f 00 00
stack at sp + 1 slots: 0x0000022d7ed3cf30 points into unknown readable memory: 98 73 f0 93 f9 7f 00 00
stack at sp + 2 slots: 0x000000fb537fbae0 is pointing into the stack for thread: 0x0000022d7ebf8000
stack at sp + 3 slots: 0x0000022d7ed3d280 points into unknown readable memory: 00 00 00 00 00 00 00 00
stack at sp + 4 slots: 0x0000022d7ed3cf30 points into unknown readable memory: 98 73 f0 93 f9 7f 00 00
stack at sp + 5 slots: 0x0000022d7ed3d280 points into unknown readable memory: 00 00 00 00 00 00 00 00
stack at sp + 6 slots: 0x0000022d7ed3cf30 points into unknown readable memory: 98 73 f0 93 f9 7f 00 00
stack at sp + 7 slots: 0x00007ff9939cb913 jvm.dll


---------------  P R O C E S S  ---------------

Threads class SMR info:
_java_thread_list=0x0000022d0067fd40, length=19, elements={
0x0000022d5a0a2000, 0x0000022d7dcf4800, 0x0000022d7dcf5800, 0x0000022d7dd12800,
0x0000022d7dd13800, 0x0000022d7dd16000, 0x0000022d7dd1a000, 0x0000022d7dd20800,
0x0000022d7dd29800, 0x0000022d7ea4a800, 0x0000022d7ebf8000, 0x0000022d7f04a000,
0x0000022d7f367000, 0x0000022d7f284800, 0x0000022d7f286800, 0x0000022d7ecad000,
0x0000022d00495000, 0x0000022d005e2800, 0x0000022d00728000
}

Java Threads: ( => current thread )
  0x0000022d5a0a2000 JavaThread "main" [_thread_blocked, id=12580, stack(0x000000fb52700000,0x000000fb52800000)]
  0x0000022d7dcf4800 JavaThread "Reference Handler" daemon [_thread_blocked, id=22360, stack(0x000000fb52e00000,0x000000fb52f00000)]
  0x0000022d7dcf5800 JavaThread "Finalizer" daemon [_thread_blocked, id=20500, stack(0x000000fb52f00000,0x000000fb53000000)]
  0x0000022d7dd12800 JavaThread "Signal Dispatcher" daemon [_thread_blocked, id=15736, stack(0x000000fb53000000,0x000000fb53100000)]
  0x0000022d7dd13800 JavaThread "Attach Listener" daemon [_thread_blocked, id=21656, stack(0x000000fb53100000,0x000000fb53200000)]
  0x0000022d7dd16000 JavaThread "Service Thread" daemon [_thread_blocked, id=14584, stack(0x000000fb53200000,0x000000fb53300000)]
  0x0000022d7dd1a000 JavaThread "C2 CompilerThread0" daemon [_thread_in_native, id=10824, stack(0x000000fb53300000,0x000000fb53400000)]
  0x0000022d7dd20800 JavaThread "C1 CompilerThread0" daemon [_thread_in_native, id=18572, stack(0x000000fb53400000,0x000000fb53500000)]
  0x0000022d7dd29800 JavaThread "Sweeper thread" daemon [_thread_blocked, id=14428, stack(0x000000fb53500000,0x000000fb53600000)]
  0x0000022d7ea4a800 JavaThread "Common-Cleaner" daemon [_thread_blocked, id=3960, stack(0x000000fb53600000,0x000000fb53700000)]
=>0x0000022d7ebf8000 JavaThread "C2 CompilerThread1" daemon [_thread_in_native, id=3220, stack(0x000000fb53700000,0x000000fb53800000)]
  0x0000022d7f04a000 JavaThread "Notification Thread" daemon [_thread_blocked, id=12412, stack(0x000000fb53900000,0x000000fb53a00000)]
  0x0000022d7f367000 JavaThread "QuantumRenderer-0" daemon [_thread_blocked, id=15028, stack(0x000000fb53b00000,0x000000fb53c00000)]
  0x0000022d7f284800 JavaThread "InvokeLaterDispatcher" daemon [_thread_blocked, id=22116, stack(0x000000fb53d00000,0x000000fb53e00000)]
  0x0000022d7f286800 JavaThread "JavaFX Application Thread" [_thread_in_vm, id=17940, stack(0x000000fb53e00000,0x000000fb53f00000)]
  0x0000022d7ecad000 JavaThread "JavaFX-Launcher" [_thread_blocked, id=4424, stack(0x000000fb53800000,0x000000fb53900000)]
  0x0000022d00495000 JavaThread "Thread-2" daemon [_thread_in_native, id=14272, stack(0x000000fb54000000,0x000000fb54100000)]
  0x0000022d005e2800 JavaThread "Prism Font Disposer" daemon [_thread_blocked, id=16504, stack(0x000000fb54600000,0x000000fb54700000)]
  0x0000022d00728000 JavaThread "C2 CompilerThread2" daemon [_thread_in_native, id=12976, stack(0x000000fb54700000,0x000000fb54800000)]

Other Threads:
  0x0000022d7dcf0800 VMThread "VM Thread" [stack: 0x000000fb52d00000,0x000000fb52e00000] [id=20228]
  0x0000022d7f336800 WatcherThread [stack: 0x000000fb53a00000,0x000000fb53b00000] [id=8064]
  0x0000022d5a109800 GCTaskThread "GC Thread#0" [stack: 0x000000fb52800000,0x000000fb52900000] [id=21944]
  0x0000022d00572000 GCTaskThread "GC Thread#1" [stack: 0x000000fb54100000,0x000000fb54200000] [id=11848]
  0x0000022d005ae800 GCTaskThread "GC Thread#2" [stack: 0x000000fb54200000,0x000000fb54300000] [id=20772]
  0x0000022d005af000 GCTaskThread "GC Thread#3" [stack: 0x000000fb54300000,0x000000fb54400000] [id=14104]
  0x0000022d005af800 GCTaskThread "GC Thread#4" [stack: 0x000000fb54400000,0x000000fb54500000] [id=20464]
  0x0000022d005b0800 GCTaskThread "GC Thread#5" [stack: 0x000000fb54500000,0x000000fb54600000] [id=17456]
  0x0000022d5a12c000 ConcurrentGCThread "G1 Main Marker" [stack: 0x000000fb52900000,0x000000fb52a00000] [id=7444]
  0x0000022d5a12d800 ConcurrentGCThread "G1 Conc#0" [stack: 0x000000fb52a00000,0x000000fb52b00000] [id=3184]
  0x0000022d7dc38000 ConcurrentGCThread "G1 Refine#0" [stack: 0x000000fb52b00000,0x000000fb52c00000] [id=15388]
  0x0000022d7dc39000 ConcurrentGCThread "G1 Young RemSet Sampling" [stack: 0x000000fb52c00000,0x000000fb52d00000] [id=12204]

Threads with active compile tasks:
C2 CompilerThread0      905 1479       4       java.util.regex.Matcher::search (154 bytes)
C2 CompilerThread1      905 1218       4       java.util.HashMap::resize (356 bytes)
C2 CompilerThread2      905 1476       4       sun.security.util.AbstractAlgorithmConstraints::checkAlgorithm (140 bytes)

VM state:not at safepoint (normal execution)

VM Mutex/Monitor currently owned by a thread: None

Heap address: 0x0000000700e00000, size: 4082 MB, Compressed Oops mode: Zero based, Oop shift amount: 3
Narrow klass base: 0x0000000800000000, Narrow klass shift: 3
Compressed class space size: 1073741824 Address: 0x0000000800b30000

Heap:
 garbage-first heap   total 262144K, used 19708K [0x0000000700e00000, 0x0000000800000000)
  region size 1024K, 20 young (20480K), 3 survivors (3072K)
 Metaspace       used 13438K, capacity 13890K, committed 13952K, reserved 1060864K
  class space    used 1722K, capacity 1884K, committed 1920K, reserved 1048576K
Heap Regions: E=young(eden), S=young(survivor), O=old, HS=humongous(starts), HC=humongous(continues), CS=collection set, F=free, OA=open archive, CA=closed archive, TAMS=top-at-mark-start (previous, next)
|   0|0x0000000700e00000, 0x0000000700e3f000, 0x0000000700f00000| 24%| O|  |TAMS 0x0000000700e00000, 0x0000000700e00000| Untracked 
|   1|0x0000000700f00000, 0x0000000700f00000, 0x0000000701000000|  0%| F|  |TAMS 0x0000000700f00000, 0x0000000700f00000| Untracked 
|   2|0x0000000701000000, 0x0000000701000000, 0x0000000701100000|  0%| F|  |TAMS 0x0000000701000000, 0x0000000701000000| Untracked 
|   3|0x0000000701100000, 0x0000000701100000, 0x0000000701200000|  0%| F|  |TAMS 0x0000000701100000, 0x0000000701100000| Untracked 
|   4|0x0000000701200000, 0x0000000701200000, 0x0000000701300000|  0%| F|  |TAMS 0x0000000701200000, 0x0000000701200000| Untracked 
|   5|0x0000000701300000, 0x0000000701300000, 0x0000000701400000|  0%| F|  |TAMS 0x0000000701300000, 0x0000000701300000| Untracked 
|   6|0x0000000701400000, 0x0000000701400000, 0x0000000701500000|  0%| F|  |TAMS 0x0000000701400000, 0x0000000701400000| Untracked 
|   7|0x0000000701500000, 0x0000000701500000, 0x0000000701600000|  0%| F|  |TAMS 0x0000000701500000, 0x0000000701500000| Untracked 
|   8|0x0000000701600000, 0x0000000701600000, 0x0000000701700000|  0%| F|  |TAMS 0x0000000701600000, 0x0000000701600000| Untracked 
|   9|0x0000000701700000, 0x0000000701700000, 0x0000000701800000|  0%| F|  |TAMS 0x0000000701700000, 0x0000000701700000| Untracked 
|  10|0x0000000701800000, 0x0000000701800000, 0x0000000701900000|  0%| F|  |TAMS 0x0000000701800000, 0x0000000701800000| Untracked 
|  11|0x0000000701900000, 0x0000000701900000, 0x0000000701a00000|  0%| F|  |TAMS 0x0000000701900000, 0x0000000701900000| Untracked 
|  12|0x0000000701a00000, 0x0000000701a00000, 0x0000000701b00000|  0%| F|  |TAMS 0x0000000701a00000, 0x0000000701a00000| Untracked 
|  13|0x0000000701b00000, 0x0000000701b00000, 0x0000000701c00000|  0%| F|  |TAMS 0x0000000701b00000, 0x0000000701b00000| Untracked 
|  14|0x0000000701c00000, 0x0000000701c00000, 0x0000000701d00000|  0%| F|  |TAMS 0x0000000701c00000, 0x0000000701c00000| Untracked 
|  15|0x0000000701d00000, 0x0000000701d00000, 0x0000000701e00000|  0%| F|  |TAMS 0x0000000701d00000, 0x0000000701d00000| Untracked 
|  16|0x0000000701e00000, 0x0000000701e00000, 0x0000000701f00000|  0%| F|  |TAMS 0x0000000701e00000, 0x0000000701e00000| Untracked 
|  17|0x0000000701f00000, 0x0000000701f00000, 0x0000000702000000|  0%| F|  |TAMS 0x0000000701f00000, 0x0000000701f00000| Untracked 
|  18|0x0000000702000000, 0x0000000702000000, 0x0000000702100000|  0%| F|  |TAMS 0x0000000702000000, 0x0000000702000000| Untracked 
|  19|0x0000000702100000, 0x0000000702100000, 0x0000000702200000|  0%| F|  |TAMS 0x0000000702100000, 0x0000000702100000| Untracked 
|  20|0x0000000702200000, 0x0000000702200000, 0x0000000702300000|  0%| F|  |TAMS 0x0000000702200000, 0x0000000702200000| Untracked 
|  21|0x0000000702300000, 0x0000000702300000, 0x0000000702400000|  0%| F|  |TAMS 0x0000000702300000, 0x0000000702300000| Untracked 
|  22|0x0000000702400000, 0x0000000702400000, 0x0000000702500000|  0%| F|  |TAMS 0x0000000702400000, 0x0000000702400000| Untracked 
|  23|0x0000000702500000, 0x0000000702500000, 0x0000000702600000|  0%| F|  |TAMS 0x0000000702500000, 0x0000000702500000| Untracked 
|  24|0x0000000702600000, 0x0000000702600000, 0x0000000702700000|  0%| F|  |TAMS 0x0000000702600000, 0x0000000702600000| Untracked 
|  25|0x0000000702700000, 0x0000000702700000, 0x0000000702800000|  0%| F|  |TAMS 0x0000000702700000, 0x0000000702700000| Untracked 
|  26|0x0000000702800000, 0x0000000702800000, 0x0000000702900000|  0%| F|  |TAMS 0x0000000702800000, 0x0000000702800000| Untracked 
|  27|0x0000000702900000, 0x0000000702900000, 0x0000000702a00000|  0%| F|  |TAMS 0x0000000702900000, 0x0000000702900000| Untracked 
|  28|0x0000000702a00000, 0x0000000702a00000, 0x0000000702b00000|  0%| F|  |TAMS 0x0000000702a00000, 0x0000000702a00000| Untracked 
|  29|0x0000000702b00000, 0x0000000702b00000, 0x0000000702c00000|  0%| F|  |TAMS 0x0000000702b00000, 0x0000000702b00000| Untracked 
|  30|0x0000000702c00000, 0x0000000702c00000, 0x0000000702d00000|  0%| F|  |TAMS 0x0000000702c00000, 0x0000000702c00000| Untracked 
|  31|0x0000000702d00000, 0x0000000702d00000, 0x0000000702e00000|  0%| F|  |TAMS 0x0000000702d00000, 0x0000000702d00000| Untracked 
|  32|0x0000000702e00000, 0x0000000702e00000, 0x0000000702f00000|  0%| F|  |TAMS 0x0000000702e00000, 0x0000000702e00000| Untracked 
|  33|0x0000000702f00000, 0x0000000702f00000, 0x0000000703000000|  0%| F|  |TAMS 0x0000000702f00000, 0x0000000702f00000| Untracked 
|  34|0x0000000703000000, 0x0000000703000000, 0x0000000703100000|  0%| F|  |TAMS 0x0000000703000000, 0x0000000703000000| Untracked 
|  35|0x0000000703100000, 0x0000000703100000, 0x0000000703200000|  0%| F|  |TAMS 0x0000000703100000, 0x0000000703100000| Untracked 
|  36|0x0000000703200000, 0x0000000703200000, 0x0000000703300000|  0%| F|  |TAMS 0x0000000703200000, 0x0000000703200000| Untracked 
|  37|0x0000000703300000, 0x0000000703300000, 0x0000000703400000|  0%| F|  |TAMS 0x0000000703300000, 0x0000000703300000| Untracked 
|  38|0x0000000703400000, 0x0000000703400000, 0x0000000703500000|  0%| F|  |TAMS 0x0000000703400000, 0x0000000703400000| Untracked 
|  39|0x0000000703500000, 0x0000000703500000, 0x0000000703600000|  0%| F|  |TAMS 0x0000000703500000, 0x0000000703500000| Untracked 
|  40|0x0000000703600000, 0x0000000703600000, 0x0000000703700000|  0%| F|  |TAMS 0x0000000703600000, 0x0000000703600000| Untracked 
|  41|0x0000000703700000, 0x0000000703700000, 0x0000000703800000|  0%| F|  |TAMS 0x0000000703700000, 0x0000000703700000| Untracked 
|  42|0x0000000703800000, 0x0000000703800000, 0x0000000703900000|  0%| F|  |TAMS 0x0000000703800000, 0x0000000703800000| Untracked 
|  43|0x0000000703900000, 0x0000000703900000, 0x0000000703a00000|  0%| F|  |TAMS 0x0000000703900000, 0x0000000703900000| Untracked 
|  44|0x0000000703a00000, 0x0000000703a00000, 0x0000000703b00000|  0%| F|  |TAMS 0x0000000703a00000, 0x0000000703a00000| Untracked 
|  45|0x0000000703b00000, 0x0000000703b00000, 0x0000000703c00000|  0%| F|  |TAMS 0x0000000703b00000, 0x0000000703b00000| Untracked 
|  46|0x0000000703c00000, 0x0000000703c00000, 0x0000000703d00000|  0%| F|  |TAMS 0x0000000703c00000, 0x0000000703c00000| Untracked 
|  47|0x0000000703d00000, 0x0000000703d00000, 0x0000000703e00000|  0%| F|  |TAMS 0x0000000703d00000, 0x0000000703d00000| Untracked 
|  48|0x0000000703e00000, 0x0000000703e00000, 0x0000000703f00000|  0%| F|  |TAMS 0x0000000703e00000, 0x0000000703e00000| Untracked 
|  49|0x0000000703f00000, 0x0000000703f00000, 0x0000000704000000|  0%| F|  |TAMS 0x0000000703f00000, 0x0000000703f00000| Untracked 
|  50|0x0000000704000000, 0x0000000704000000, 0x0000000704100000|  0%| F|  |TAMS 0x0000000704000000, 0x0000000704000000| Untracked 
|  51|0x0000000704100000, 0x0000000704100000, 0x0000000704200000|  0%| F|  |TAMS 0x0000000704100000, 0x0000000704100000| Untracked 
|  52|0x0000000704200000, 0x0000000704200000, 0x0000000704300000|  0%| F|  |TAMS 0x0000000704200000, 0x0000000704200000| Untracked 
|  53|0x0000000704300000, 0x0000000704300000, 0x0000000704400000|  0%| F|  |TAMS 0x0000000704300000, 0x0000000704300000| Untracked 
|  54|0x0000000704400000, 0x0000000704400000, 0x0000000704500000|  0%| F|  |TAMS 0x0000000704400000, 0x0000000704400000| Untracked 
|  55|0x0000000704500000, 0x0000000704500000, 0x0000000704600000|  0%| F|  |TAMS 0x0000000704500000, 0x0000000704500000| Untracked 
|  56|0x0000000704600000, 0x0000000704600000, 0x0000000704700000|  0%| F|  |TAMS 0x0000000704600000, 0x0000000704600000| Untracked 
|  57|0x0000000704700000, 0x0000000704700000, 0x0000000704800000|  0%| F|  |TAMS 0x0000000704700000, 0x0000000704700000| Untracked 
|  58|0x0000000704800000, 0x0000000704800000, 0x0000000704900000|  0%| F|  |TAMS 0x0000000704800000, 0x0000000704800000| Untracked 
|  59|0x0000000704900000, 0x0000000704900000, 0x0000000704a00000|  0%| F|  |TAMS 0x0000000704900000, 0x0000000704900000| Untracked 
|  60|0x0000000704a00000, 0x0000000704a00000, 0x0000000704b00000|  0%| F|  |TAMS 0x0000000704a00000, 0x0000000704a00000| Untracked 
|  61|0x0000000704b00000, 0x0000000704b00000, 0x0000000704c00000|  0%| F|  |TAMS 0x0000000704b00000, 0x0000000704b00000| Untracked 
|  62|0x0000000704c00000, 0x0000000704c00000, 0x0000000704d00000|  0%| F|  |TAMS 0x0000000704c00000, 0x0000000704c00000| Untracked 
|  63|0x0000000704d00000, 0x0000000704d00000, 0x0000000704e00000|  0%| F|  |TAMS 0x0000000704d00000, 0x0000000704d00000| Untracked 
|  64|0x0000000704e00000, 0x0000000704e00000, 0x0000000704f00000|  0%| F|  |TAMS 0x0000000704e00000, 0x0000000704e00000| Untracked 
|  65|0x0000000704f00000, 0x0000000704f00000, 0x0000000705000000|  0%| F|  |TAMS 0x0000000704f00000, 0x0000000704f00000| Untracked 
|  66|0x0000000705000000, 0x0000000705000000, 0x0000000705100000|  0%| F|  |TAMS 0x0000000705000000, 0x0000000705000000| Untracked 
|  67|0x0000000705100000, 0x0000000705100000, 0x0000000705200000|  0%| F|  |TAMS 0x0000000705100000, 0x0000000705100000| Untracked 
|  68|0x0000000705200000, 0x0000000705200000, 0x0000000705300000|  0%| F|  |TAMS 0x0000000705200000, 0x0000000705200000| Untracked 
|  69|0x0000000705300000, 0x0000000705300000, 0x0000000705400000|  0%| F|  |TAMS 0x0000000705300000, 0x0000000705300000| Untracked 
|  70|0x0000000705400000, 0x0000000705400000, 0x0000000705500000|  0%| F|  |TAMS 0x0000000705400000, 0x0000000705400000| Untracked 
|  71|0x0000000705500000, 0x0000000705500000, 0x0000000705600000|  0%| F|  |TAMS 0x0000000705500000, 0x0000000705500000| Untracked 
|  72|0x0000000705600000, 0x0000000705600000, 0x0000000705700000|  0%| F|  |TAMS 0x0000000705600000, 0x0000000705600000| Untracked 
|  73|0x0000000705700000, 0x0000000705700000, 0x0000000705800000|  0%| F|  |TAMS 0x0000000705700000, 0x0000000705700000| Untracked 
|  74|0x0000000705800000, 0x0000000705800000, 0x0000000705900000|  0%| F|  |TAMS 0x0000000705800000, 0x0000000705800000| Untracked 
|  75|0x0000000705900000, 0x0000000705900000, 0x0000000705a00000|  0%| F|  |TAMS 0x0000000705900000, 0x0000000705900000| Untracked 
|  76|0x0000000705a00000, 0x0000000705a00000, 0x0000000705b00000|  0%| F|  |TAMS 0x0000000705a00000, 0x0000000705a00000| Untracked 
|  77|0x0000000705b00000, 0x0000000705b00000, 0x0000000705c00000|  0%| F|  |TAMS 0x0000000705b00000, 0x0000000705b00000| Untracked 
|  78|0x0000000705c00000, 0x0000000705c00000, 0x0000000705d00000|  0%| F|  |TAMS 0x0000000705c00000, 0x0000000705c00000| Untracked 
|  79|0x0000000705d00000, 0x0000000705d00000, 0x0000000705e00000|  0%| F|  |TAMS 0x0000000705d00000, 0x0000000705d00000| Untracked 
|  80|0x0000000705e00000, 0x0000000705e00000, 0x0000000705f00000|  0%| F|  |TAMS 0x0000000705e00000, 0x0000000705e00000| Untracked 
|  81|0x0000000705f00000, 0x0000000705f00000, 0x0000000706000000|  0%| F|  |TAMS 0x0000000705f00000, 0x0000000705f00000| Untracked 
|  82|0x0000000706000000, 0x0000000706000000, 0x0000000706100000|  0%| F|  |TAMS 0x0000000706000000, 0x0000000706000000| Untracked 
|  83|0x0000000706100000, 0x0000000706100000, 0x0000000706200000|  0%| F|  |TAMS 0x0000000706100000, 0x0000000706100000| Untracked 
|  84|0x0000000706200000, 0x0000000706200000, 0x0000000706300000|  0%| F|  |TAMS 0x0000000706200000, 0x0000000706200000| Untracked 
|  85|0x0000000706300000, 0x0000000706300000, 0x0000000706400000|  0%| F|  |TAMS 0x0000000706300000, 0x0000000706300000| Untracked 
|  86|0x0000000706400000, 0x0000000706400000, 0x0000000706500000|  0%| F|  |TAMS 0x0000000706400000, 0x0000000706400000| Untracked 
|  87|0x0000000706500000, 0x0000000706500000, 0x0000000706600000|  0%| F|  |TAMS 0x0000000706500000, 0x0000000706500000| Untracked 
|  88|0x0000000706600000, 0x0000000706600000, 0x0000000706700000|  0%| F|  |TAMS 0x0000000706600000, 0x0000000706600000| Untracked 
|  89|0x0000000706700000, 0x0000000706700000, 0x0000000706800000|  0%| F|  |TAMS 0x0000000706700000, 0x0000000706700000| Untracked 
|  90|0x0000000706800000, 0x0000000706800000, 0x0000000706900000|  0%| F|  |TAMS 0x0000000706800000, 0x0000000706800000| Untracked 
|  91|0x0000000706900000, 0x0000000706900000, 0x0000000706a00000|  0%| F|  |TAMS 0x0000000706900000, 0x0000000706900000| Untracked 
|  92|0x0000000706a00000, 0x0000000706a00000, 0x0000000706b00000|  0%| F|  |TAMS 0x0000000706a00000, 0x0000000706a00000| Untracked 
|  93|0x0000000706b00000, 0x0000000706b00000, 0x0000000706c00000|  0%| F|  |TAMS 0x0000000706b00000, 0x0000000706b00000| Untracked 
|  94|0x0000000706c00000, 0x0000000706c00000, 0x0000000706d00000|  0%| F|  |TAMS 0x0000000706c00000, 0x0000000706c00000| Untracked 
|  95|0x0000000706d00000, 0x0000000706d00000, 0x0000000706e00000|  0%| F|  |TAMS 0x0000000706d00000, 0x0000000706d00000| Untracked 
|  96|0x0000000706e00000, 0x0000000706e00000, 0x0000000706f00000|  0%| F|  |TAMS 0x0000000706e00000, 0x0000000706e00000| Untracked 
|  97|0x0000000706f00000, 0x0000000706f00000, 0x0000000707000000|  0%| F|  |TAMS 0x0000000706f00000, 0x0000000706f00000| Untracked 
|  98|0x0000000707000000, 0x0000000707000000, 0x0000000707100000|  0%| F|  |TAMS 0x0000000707000000, 0x0000000707000000| Untracked 
|  99|0x0000000707100000, 0x0000000707100000, 0x0000000707200000|  0%| F|  |TAMS 0x0000000707100000, 0x0000000707100000| Untracked 
| 100|0x0000000707200000, 0x0000000707200000, 0x0000000707300000|  0%| F|  |TAMS 0x0000000707200000, 0x0000000707200000| Untracked 
| 101|0x0000000707300000, 0x0000000707300000, 0x0000000707400000|  0%| F|  |TAMS 0x0000000707300000, 0x0000000707300000| Untracked 
| 102|0x0000000707400000, 0x0000000707400000, 0x0000000707500000|  0%| F|  |TAMS 0x0000000707400000, 0x0000000707400000| Untracked 
| 103|0x0000000707500000, 0x0000000707500000, 0x0000000707600000|  0%| F|  |TAMS 0x0000000707500000, 0x0000000707500000| Untracked 
| 104|0x0000000707600000, 0x0000000707600000, 0x0000000707700000|  0%| F|  |TAMS 0x0000000707600000, 0x0000000707600000| Untracked 
| 105|0x0000000707700000, 0x0000000707700000, 0x0000000707800000|  0%| F|  |TAMS 0x0000000707700000, 0x0000000707700000| Untracked 
| 106|0x0000000707800000, 0x0000000707800000, 0x0000000707900000|  0%| F|  |TAMS 0x0000000707800000, 0x0000000707800000| Untracked 
| 107|0x0000000707900000, 0x0000000707900000, 0x0000000707a00000|  0%| F|  |TAMS 0x0000000707900000, 0x0000000707900000| Untracked 
| 108|0x0000000707a00000, 0x0000000707a00000, 0x0000000707b00000|  0%| F|  |TAMS 0x0000000707a00000, 0x0000000707a00000| Untracked 
| 109|0x0000000707b00000, 0x0000000707b00000, 0x0000000707c00000|  0%| F|  |TAMS 0x0000000707b00000, 0x0000000707b00000| Untracked 
| 110|0x0000000707c00000, 0x0000000707c00000, 0x0000000707d00000|  0%| F|  |TAMS 0x0000000707c00000, 0x0000000707c00000| Untracked 
| 111|0x0000000707d00000, 0x0000000707d00000, 0x0000000707e00000|  0%| F|  |TAMS 0x0000000707d00000, 0x0000000707d00000| Untracked 
| 112|0x0000000707e00000, 0x0000000707e00000, 0x0000000707f00000|  0%| F|  |TAMS 0x0000000707e00000, 0x0000000707e00000| Untracked 
| 113|0x0000000707f00000, 0x0000000707f00000, 0x0000000708000000|  0%| F|  |TAMS 0x0000000707f00000, 0x0000000707f00000| Untracked 
| 114|0x0000000708000000, 0x0000000708000000, 0x0000000708100000|  0%| F|  |TAMS 0x0000000708000000, 0x0000000708000000| Untracked 
| 115|0x0000000708100000, 0x0000000708100000, 0x0000000708200000|  0%| F|  |TAMS 0x0000000708100000, 0x0000000708100000| Untracked 
| 116|0x0000000708200000, 0x0000000708200000, 0x0000000708300000|  0%| F|  |TAMS 0x0000000708200000, 0x0000000708200000| Untracked 
| 117|0x0000000708300000, 0x0000000708300000, 0x0000000708400000|  0%| F|  |TAMS 0x0000000708300000, 0x0000000708300000| Untracked 
| 118|0x0000000708400000, 0x0000000708400000, 0x0000000708500000|  0%| F|  |TAMS 0x0000000708400000, 0x0000000708400000| Untracked 
| 119|0x0000000708500000, 0x0000000708500000, 0x0000000708600000|  0%| F|  |TAMS 0x0000000708500000, 0x0000000708500000| Untracked 
| 120|0x0000000708600000, 0x0000000708600000, 0x0000000708700000|  0%| F|  |TAMS 0x0000000708600000, 0x0000000708600000| Untracked 
| 121|0x0000000708700000, 0x0000000708700000, 0x0000000708800000|  0%| F|  |TAMS 0x0000000708700000, 0x0000000708700000| Untracked 
| 122|0x0000000708800000, 0x0000000708800000, 0x0000000708900000|  0%| F|  |TAMS 0x0000000708800000, 0x0000000708800000| Untracked 
| 123|0x0000000708900000, 0x0000000708900000, 0x0000000708a00000|  0%| F|  |TAMS 0x0000000708900000, 0x0000000708900000| Untracked 
| 124|0x0000000708a00000, 0x0000000708a00000, 0x0000000708b00000|  0%| F|  |TAMS 0x0000000708a00000, 0x0000000708a00000| Untracked 
| 125|0x0000000708b00000, 0x0000000708b00000, 0x0000000708c00000|  0%| F|  |TAMS 0x0000000708b00000, 0x0000000708b00000| Untracked 
| 126|0x0000000708c00000, 0x0000000708c00000, 0x0000000708d00000|  0%| F|  |TAMS 0x0000000708c00000, 0x0000000708c00000| Untracked 
| 127|0x0000000708d00000, 0x0000000708d00000, 0x0000000708e00000|  0%| F|  |TAMS 0x0000000708d00000, 0x0000000708d00000| Untracked 
| 128|0x0000000708e00000, 0x0000000708e00000, 0x0000000708f00000|  0%| F|  |TAMS 0x0000000708e00000, 0x0000000708e00000| Untracked 
| 129|0x0000000708f00000, 0x0000000708f00000, 0x0000000709000000|  0%| F|  |TAMS 0x0000000708f00000, 0x0000000708f00000| Untracked 
| 130|0x0000000709000000, 0x0000000709000000, 0x0000000709100000|  0%| F|  |TAMS 0x0000000709000000, 0x0000000709000000| Untracked 
| 131|0x0000000709100000, 0x0000000709100000, 0x0000000709200000|  0%| F|  |TAMS 0x0000000709100000, 0x0000000709100000| Untracked 
| 132|0x0000000709200000, 0x0000000709200000, 0x0000000709300000|  0%| F|  |TAMS 0x0000000709200000, 0x0000000709200000| Untracked 
| 133|0x0000000709300000, 0x0000000709300000, 0x0000000709400000|  0%| F|  |TAMS 0x0000000709300000, 0x0000000709300000| Untracked 
| 134|0x0000000709400000, 0x0000000709400000, 0x0000000709500000|  0%| F|  |TAMS 0x0000000709400000, 0x0000000709400000| Untracked 
| 135|0x0000000709500000, 0x0000000709500000, 0x0000000709600000|  0%| F|  |TAMS 0x0000000709500000, 0x0000000709500000| Untracked 
| 136|0x0000000709600000, 0x0000000709600000, 0x0000000709700000|  0%| F|  |TAMS 0x0000000709600000, 0x0000000709600000| Untracked 
| 137|0x0000000709700000, 0x0000000709700000, 0x0000000709800000|  0%| F|  |TAMS 0x0000000709700000, 0x0000000709700000| Untracked 
| 138|0x0000000709800000, 0x0000000709800000, 0x0000000709900000|  0%| F|  |TAMS 0x0000000709800000, 0x0000000709800000| Untracked 
| 139|0x0000000709900000, 0x0000000709900000, 0x0000000709a00000|  0%| F|  |TAMS 0x0000000709900000, 0x0000000709900000| Untracked 
| 140|0x0000000709a00000, 0x0000000709a00000, 0x0000000709b00000|  0%| F|  |TAMS 0x0000000709a00000, 0x0000000709a00000| Untracked 
| 141|0x0000000709b00000, 0x0000000709b00000, 0x0000000709c00000|  0%| F|  |TAMS 0x0000000709b00000, 0x0000000709b00000| Untracked 
| 142|0x0000000709c00000, 0x0000000709c00000, 0x0000000709d00000|  0%| F|  |TAMS 0x0000000709c00000, 0x0000000709c00000| Untracked 
| 143|0x0000000709d00000, 0x0000000709d00000, 0x0000000709e00000|  0%| F|  |TAMS 0x0000000709d00000, 0x0000000709d00000| Untracked 
| 144|0x0000000709e00000, 0x0000000709e00000, 0x0000000709f00000|  0%| F|  |TAMS 0x0000000709e00000, 0x0000000709e00000| Untracked 
| 145|0x0000000709f00000, 0x0000000709f00000, 0x000000070a000000|  0%| F|  |TAMS 0x0000000709f00000, 0x0000000709f00000| Untracked 
| 146|0x000000070a000000, 0x000000070a000000, 0x000000070a100000|  0%| F|  |TAMS 0x000000070a000000, 0x000000070a000000| Untracked 
| 147|0x000000070a100000, 0x000000070a100000, 0x000000070a200000|  0%| F|  |TAMS 0x000000070a100000, 0x000000070a100000| Untracked 
| 148|0x000000070a200000, 0x000000070a200000, 0x000000070a300000|  0%| F|  |TAMS 0x000000070a200000, 0x000000070a200000| Untracked 
| 149|0x000000070a300000, 0x000000070a300000, 0x000000070a400000|  0%| F|  |TAMS 0x000000070a300000, 0x000000070a300000| Untracked 
| 150|0x000000070a400000, 0x000000070a400000, 0x000000070a500000|  0%| F|  |TAMS 0x000000070a400000, 0x000000070a400000| Untracked 
| 151|0x000000070a500000, 0x000000070a500000, 0x000000070a600000|  0%| F|  |TAMS 0x000000070a500000, 0x000000070a500000| Untracked 
| 152|0x000000070a600000, 0x000000070a600000, 0x000000070a700000|  0%| F|  |TAMS 0x000000070a600000, 0x000000070a600000| Untracked 
| 153|0x000000070a700000, 0x000000070a700000, 0x000000070a800000|  0%| F|  |TAMS 0x000000070a700000, 0x000000070a700000| Untracked 
| 154|0x000000070a800000, 0x000000070a800000, 0x000000070a900000|  0%| F|  |TAMS 0x000000070a800000, 0x000000070a800000| Untracked 
| 155|0x000000070a900000, 0x000000070a900000, 0x000000070aa00000|  0%| F|  |TAMS 0x000000070a900000, 0x000000070a900000| Untracked 
| 156|0x000000070aa00000, 0x000000070aa00000, 0x000000070ab00000|  0%| F|  |TAMS 0x000000070aa00000, 0x000000070aa00000| Untracked 
| 157|0x000000070ab00000, 0x000000070ab00000, 0x000000070ac00000|  0%| F|  |TAMS 0x000000070ab00000, 0x000000070ab00000| Untracked 
| 158|0x000000070ac00000, 0x000000070ac00000, 0x000000070ad00000|  0%| F|  |TAMS 0x000000070ac00000, 0x000000070ac00000| Untracked 
| 159|0x000000070ad00000, 0x000000070ad00000, 0x000000070ae00000|  0%| F|  |TAMS 0x000000070ad00000, 0x000000070ad00000| Untracked 
| 160|0x000000070ae00000, 0x000000070ae00000, 0x000000070af00000|  0%| F|  |TAMS 0x000000070ae00000, 0x000000070ae00000| Untracked 
| 161|0x000000070af00000, 0x000000070af00000, 0x000000070b000000|  0%| F|  |TAMS 0x000000070af00000, 0x000000070af00000| Untracked 
| 162|0x000000070b000000, 0x000000070b000000, 0x000000070b100000|  0%| F|  |TAMS 0x000000070b000000, 0x000000070b000000| Untracked 
| 163|0x000000070b100000, 0x000000070b100000, 0x000000070b200000|  0%| F|  |TAMS 0x000000070b100000, 0x000000070b100000| Untracked 
| 164|0x000000070b200000, 0x000000070b200000, 0x000000070b300000|  0%| F|  |TAMS 0x000000070b200000, 0x000000070b200000| Untracked 
| 165|0x000000070b300000, 0x000000070b300000, 0x000000070b400000|  0%| F|  |TAMS 0x000000070b300000, 0x000000070b300000| Untracked 
| 166|0x000000070b400000, 0x000000070b400000, 0x000000070b500000|  0%| F|  |TAMS 0x000000070b400000, 0x000000070b400000| Untracked 
| 167|0x000000070b500000, 0x000000070b500000, 0x000000070b600000|  0%| F|  |TAMS 0x000000070b500000, 0x000000070b500000| Untracked 
| 168|0x000000070b600000, 0x000000070b600000, 0x000000070b700000|  0%| F|  |TAMS 0x000000070b600000, 0x000000070b600000| Untracked 
| 169|0x000000070b700000, 0x000000070b700000, 0x000000070b800000|  0%| F|  |TAMS 0x000000070b700000, 0x000000070b700000| Untracked 
| 170|0x000000070b800000, 0x000000070b800000, 0x000000070b900000|  0%| F|  |TAMS 0x000000070b800000, 0x000000070b800000| Untracked 
| 171|0x000000070b900000, 0x000000070b900000, 0x000000070ba00000|  0%| F|  |TAMS 0x000000070b900000, 0x000000070b900000| Untracked 
| 172|0x000000070ba00000, 0x000000070ba00000, 0x000000070bb00000|  0%| F|  |TAMS 0x000000070ba00000, 0x000000070ba00000| Untracked 
| 173|0x000000070bb00000, 0x000000070bb00000, 0x000000070bc00000|  0%| F|  |TAMS 0x000000070bb00000, 0x000000070bb00000| Untracked 
| 174|0x000000070bc00000, 0x000000070bc00000, 0x000000070bd00000|  0%| F|  |TAMS 0x000000070bc00000, 0x000000070bc00000| Untracked 
| 175|0x000000070bd00000, 0x000000070bd00000, 0x000000070be00000|  0%| F|  |TAMS 0x000000070bd00000, 0x000000070bd00000| Untracked 
| 176|0x000000070be00000, 0x000000070be00000, 0x000000070bf00000|  0%| F|  |TAMS 0x000000070be00000, 0x000000070be00000| Untracked 
| 177|0x000000070bf00000, 0x000000070bf00000, 0x000000070c000000|  0%| F|  |TAMS 0x000000070bf00000, 0x000000070bf00000| Untracked 
| 178|0x000000070c000000, 0x000000070c000000, 0x000000070c100000|  0%| F|  |TAMS 0x000000070c000000, 0x000000070c000000| Untracked 
| 179|0x000000070c100000, 0x000000070c100000, 0x000000070c200000|  0%| F|  |TAMS 0x000000070c100000, 0x000000070c100000| Untracked 
| 180|0x000000070c200000, 0x000000070c200000, 0x000000070c300000|  0%| F|  |TAMS 0x000000070c200000, 0x000000070c200000| Untracked 
| 181|0x000000070c300000, 0x000000070c300000, 0x000000070c400000|  0%| F|  |TAMS 0x000000070c300000, 0x000000070c300000| Untracked 
| 182|0x000000070c400000, 0x000000070c400000, 0x000000070c500000|  0%| F|  |TAMS 0x000000070c400000, 0x000000070c400000| Untracked 
| 183|0x000000070c500000, 0x000000070c500000, 0x000000070c600000|  0%| F|  |TAMS 0x000000070c500000, 0x000000070c500000| Untracked 
| 184|0x000000070c600000, 0x000000070c600000, 0x000000070c700000|  0%| F|  |TAMS 0x000000070c600000, 0x000000070c600000| Untracked 
| 185|0x000000070c700000, 0x000000070c700000, 0x000000070c800000|  0%| F|  |TAMS 0x000000070c700000, 0x000000070c700000| Untracked 
| 186|0x000000070c800000, 0x000000070c800000, 0x000000070c900000|  0%| F|  |TAMS 0x000000070c800000, 0x000000070c800000| Untracked 
| 187|0x000000070c900000, 0x000000070c900000, 0x000000070ca00000|  0%| F|  |TAMS 0x000000070c900000, 0x000000070c900000| Untracked 
| 188|0x000000070ca00000, 0x000000070ca00000, 0x000000070cb00000|  0%| F|  |TAMS 0x000000070ca00000, 0x000000070ca00000| Untracked 
| 189|0x000000070cb00000, 0x000000070cb00000, 0x000000070cc00000|  0%| F|  |TAMS 0x000000070cb00000, 0x000000070cb00000| Untracked 
| 190|0x000000070cc00000, 0x000000070cc00000, 0x000000070cd00000|  0%| F|  |TAMS 0x000000070cc00000, 0x000000070cc00000| Untracked 
| 191|0x000000070cd00000, 0x000000070cd00000, 0x000000070ce00000|  0%| F|  |TAMS 0x000000070cd00000, 0x000000070cd00000| Untracked 
| 192|0x000000070ce00000, 0x000000070ce00000, 0x000000070cf00000|  0%| F|  |TAMS 0x000000070ce00000, 0x000000070ce00000| Untracked 
| 193|0x000000070cf00000, 0x000000070cf00000, 0x000000070d000000|  0%| F|  |TAMS 0x000000070cf00000, 0x000000070cf00000| Untracked 
| 194|0x000000070d000000, 0x000000070d000000, 0x000000070d100000|  0%| F|  |TAMS 0x000000070d000000, 0x000000070d000000| Untracked 
| 195|0x000000070d100000, 0x000000070d100000, 0x000000070d200000|  0%| F|  |TAMS 0x000000070d100000, 0x000000070d100000| Untracked 
| 196|0x000000070d200000, 0x000000070d200000, 0x000000070d300000|  0%| F|  |TAMS 0x000000070d200000, 0x000000070d200000| Untracked 
| 197|0x000000070d300000, 0x000000070d300000, 0x000000070d400000|  0%| F|  |TAMS 0x000000070d300000, 0x000000070d300000| Untracked 
| 198|0x000000070d400000, 0x000000070d400000, 0x000000070d500000|  0%| F|  |TAMS 0x000000070d400000, 0x000000070d400000| Untracked 
| 199|0x000000070d500000, 0x000000070d500000, 0x000000070d600000|  0%| F|  |TAMS 0x000000070d500000, 0x000000070d500000| Untracked 
| 200|0x000000070d600000, 0x000000070d600000, 0x000000070d700000|  0%| F|  |TAMS 0x000000070d600000, 0x000000070d600000| Untracked 
| 201|0x000000070d700000, 0x000000070d700000, 0x000000070d800000|  0%| F|  |TAMS 0x000000070d700000, 0x000000070d700000| Untracked 
| 202|0x000000070d800000, 0x000000070d800000, 0x000000070d900000|  0%| F|  |TAMS 0x000000070d800000, 0x000000070d800000| Untracked 
| 203|0x000000070d900000, 0x000000070d900000, 0x000000070da00000|  0%| F|  |TAMS 0x000000070d900000, 0x000000070d900000| Untracked 
| 204|0x000000070da00000, 0x000000070da00000, 0x000000070db00000|  0%| F|  |TAMS 0x000000070da00000, 0x000000070da00000| Untracked 
| 205|0x000000070db00000, 0x000000070db00000, 0x000000070dc00000|  0%| F|  |TAMS 0x000000070db00000, 0x000000070db00000| Untracked 
| 206|0x000000070dc00000, 0x000000070dc00000, 0x000000070dd00000|  0%| F|  |TAMS 0x000000070dc00000, 0x000000070dc00000| Untracked 
| 207|0x000000070dd00000, 0x000000070dd00000, 0x000000070de00000|  0%| F|  |TAMS 0x000000070dd00000, 0x000000070dd00000| Untracked 
| 208|0x000000070de00000, 0x000000070de00000, 0x000000070df00000|  0%| F|  |TAMS 0x000000070de00000, 0x000000070de00000| Untracked 
| 209|0x000000070df00000, 0x000000070df00000, 0x000000070e000000|  0%| F|  |TAMS 0x000000070df00000, 0x000000070df00000| Untracked 
| 210|0x000000070e000000, 0x000000070e000000, 0x000000070e100000|  0%| F|  |TAMS 0x000000070e000000, 0x000000070e000000| Untracked 
| 211|0x000000070e100000, 0x000000070e100000, 0x000000070e200000|  0%| F|  |TAMS 0x000000070e100000, 0x000000070e100000| Untracked 
| 212|0x000000070e200000, 0x000000070e200000, 0x000000070e300000|  0%| F|  |TAMS 0x000000070e200000, 0x000000070e200000| Untracked 
| 213|0x000000070e300000, 0x000000070e300000, 0x000000070e400000|  0%| F|  |TAMS 0x000000070e300000, 0x000000070e300000| Untracked 
| 214|0x000000070e400000, 0x000000070e400000, 0x000000070e500000|  0%| F|  |TAMS 0x000000070e400000, 0x000000070e400000| Untracked 
| 215|0x000000070e500000, 0x000000070e500000, 0x000000070e600000|  0%| F|  |TAMS 0x000000070e500000, 0x000000070e500000| Untracked 
| 216|0x000000070e600000, 0x000000070e600000, 0x000000070e700000|  0%| F|  |TAMS 0x000000070e600000, 0x000000070e600000| Untracked 
| 217|0x000000070e700000, 0x000000070e700000, 0x000000070e800000|  0%| F|  |TAMS 0x000000070e700000, 0x000000070e700000| Untracked 
| 218|0x000000070e800000, 0x000000070e800000, 0x000000070e900000|  0%| F|  |TAMS 0x000000070e800000, 0x000000070e800000| Untracked 
| 219|0x000000070e900000, 0x000000070e900000, 0x000000070ea00000|  0%| F|  |TAMS 0x000000070e900000, 0x000000070e900000| Untracked 
| 220|0x000000070ea00000, 0x000000070ea00000, 0x000000070eb00000|  0%| F|  |TAMS 0x000000070ea00000, 0x000000070ea00000| Untracked 
| 221|0x000000070eb00000, 0x000000070eb00000, 0x000000070ec00000|  0%| F|  |TAMS 0x000000070eb00000, 0x000000070eb00000| Untracked 
| 222|0x000000070ec00000, 0x000000070ec00000, 0x000000070ed00000|  0%| F|  |TAMS 0x000000070ec00000, 0x000000070ec00000| Untracked 
| 223|0x000000070ed00000, 0x000000070ed00000, 0x000000070ee00000|  0%| F|  |TAMS 0x000000070ed00000, 0x000000070ed00000| Untracked 
| 224|0x000000070ee00000, 0x000000070ee00000, 0x000000070ef00000|  0%| F|  |TAMS 0x000000070ee00000, 0x000000070ee00000| Untracked 
| 225|0x000000070ef00000, 0x000000070ef00000, 0x000000070f000000|  0%| F|  |TAMS 0x000000070ef00000, 0x000000070ef00000| Untracked 
| 226|0x000000070f000000, 0x000000070f000000, 0x000000070f100000|  0%| F|  |TAMS 0x000000070f000000, 0x000000070f000000| Untracked 
| 227|0x000000070f100000, 0x000000070f100000, 0x000000070f200000|  0%| F|  |TAMS 0x000000070f100000, 0x000000070f100000| Untracked 
| 228|0x000000070f200000, 0x000000070f200000, 0x000000070f300000|  0%| F|  |TAMS 0x000000070f200000, 0x000000070f200000| Untracked 
| 229|0x000000070f300000, 0x000000070f300000, 0x000000070f400000|  0%| F|  |TAMS 0x000000070f300000, 0x000000070f300000| Untracked 
| 230|0x000000070f400000, 0x000000070f500000, 0x000000070f500000|100%| S|CS|TAMS 0x000000070f400000, 0x000000070f400000| Complete 
| 231|0x000000070f500000, 0x000000070f600000, 0x000000070f600000|100%| S|CS|TAMS 0x000000070f500000, 0x000000070f500000| Complete 
| 232|0x000000070f600000, 0x000000070f700000, 0x000000070f700000|100%| S|CS|TAMS 0x000000070f600000, 0x000000070f600000| Complete 
| 233|0x000000070f700000, 0x000000070f700000, 0x000000070f800000|  0%| F|  |TAMS 0x000000070f700000, 0x000000070f700000| Untracked 
| 234|0x000000070f800000, 0x000000070f800000, 0x000000070f900000|  0%| F|  |TAMS 0x000000070f800000, 0x000000070f800000| Untracked 
| 235|0x000000070f900000, 0x000000070f900000, 0x000000070fa00000|  0%| F|  |TAMS 0x000000070f900000, 0x000000070f900000| Untracked 
| 236|0x000000070fa00000, 0x000000070fa00000, 0x000000070fb00000|  0%| F|  |TAMS 0x000000070fa00000, 0x000000070fa00000| Untracked 
| 237|0x000000070fb00000, 0x000000070fb00000, 0x000000070fc00000|  0%| F|  |TAMS 0x000000070fb00000, 0x000000070fb00000| Untracked 
| 238|0x000000070fc00000, 0x000000070fc00000, 0x000000070fd00000|  0%| F|  |TAMS 0x000000070fc00000, 0x000000070fc00000| Untracked 
| 239|0x000000070fd00000, 0x000000070fdd56b0, 0x000000070fe00000| 83%| E|  |TAMS 0x000000070fd00000, 0x000000070fd00000| Complete 
| 240|0x000000070fe00000, 0x000000070ff00000, 0x000000070ff00000|100%| E|CS|TAMS 0x000000070fe00000, 0x000000070fe00000| Complete 
| 241|0x000000070ff00000, 0x0000000710000000, 0x0000000710000000|100%| E|CS|TAMS 0x000000070ff00000, 0x000000070ff00000| Complete 
| 242|0x0000000710000000, 0x0000000710100000, 0x0000000710100000|100%| E|CS|TAMS 0x0000000710000000, 0x0000000710000000| Complete 
| 243|0x0000000710100000, 0x0000000710200000, 0x0000000710200000|100%| E|CS|TAMS 0x0000000710100000, 0x0000000710100000| Complete 
| 244|0x0000000710200000, 0x0000000710300000, 0x0000000710300000|100%| E|CS|TAMS 0x0000000710200000, 0x0000000710200000| Complete 
| 245|0x0000000710300000, 0x0000000710400000, 0x0000000710400000|100%| E|CS|TAMS 0x0000000710300000, 0x0000000710300000| Complete 
| 246|0x0000000710400000, 0x0000000710500000, 0x0000000710500000|100%| E|CS|TAMS 0x0000000710400000, 0x0000000710400000| Complete 
| 247|0x0000000710500000, 0x0000000710600000, 0x0000000710600000|100%| E|CS|TAMS 0x0000000710500000, 0x0000000710500000| Complete 
| 248|0x0000000710600000, 0x0000000710700000, 0x0000000710700000|100%| E|CS|TAMS 0x0000000710600000, 0x0000000710600000| Complete 
| 249|0x0000000710700000, 0x0000000710800000, 0x0000000710800000|100%| E|CS|TAMS 0x0000000710700000, 0x0000000710700000| Complete 
| 250|0x0000000710800000, 0x0000000710900000, 0x0000000710900000|100%| E|CS|TAMS 0x0000000710800000, 0x0000000710800000| Complete 
| 251|0x0000000710900000, 0x0000000710a00000, 0x0000000710a00000|100%| E|CS|TAMS 0x0000000710900000, 0x0000000710900000| Complete 
| 252|0x0000000710a00000, 0x0000000710b00000, 0x0000000710b00000|100%| E|CS|TAMS 0x0000000710a00000, 0x0000000710a00000| Complete 
| 253|0x0000000710b00000, 0x0000000710c00000, 0x0000000710c00000|100%| E|CS|TAMS 0x0000000710b00000, 0x0000000710b00000| Complete 
| 254|0x0000000710c00000, 0x0000000710d00000, 0x0000000710d00000|100%| E|CS|TAMS 0x0000000710c00000, 0x0000000710c00000| Complete 
| 255|0x0000000710d00000, 0x0000000710e00000, 0x0000000710e00000|100%| E|CS|TAMS 0x0000000710d00000, 0x0000000710d00000| Complete 

Card table byte_map: [0x0000022d72640000,0x0000022d72e40000] _byte_map_base: 0x0000022d6ee39000

Marking Bits (Prev, Next): (CMBitMap*) 0x0000022d5a10b198, (CMBitMap*) 0x0000022d5a10b1d8
 Prev Bits: [0x0000022d73640000, 0x0000022d77608000)
 Next Bits: [0x0000022d77610000, 0x0000022d7b5d8000)

Polling page: 0x0000022d57f10000

Metaspace:

Usage:
  Non-class:     11.85 MB capacity,    11.57 MB ( 98%) used,   243.09 KB (  2%) free+waste,    38.75 KB ( <1%) overhead. 
      Class:      1.87 MB capacity,     1.71 MB ( 91%) used,   144.95 KB (  8%) free+waste,    21.38 KB (  1%) overhead. 
       Both:     13.72 MB capacity,    13.28 MB ( 97%) used,   388.05 KB (  3%) free+waste,    60.13 KB ( <1%) overhead. 

Virtual space:
  Non-class space:       12.00 MB reserved,      12.00 MB (100%) committed 
      Class space:        1.00 GB reserved,       1.88 MB ( <1%) committed 
             Both:        1.01 GB reserved,      13.88 MB (  1%) committed 

Chunk freelists:
   Non-Class:  26.00 KB
       Class:  4.00 KB
        Both:  30.00 KB

MaxMetaspaceSize: 17179869184.00 GB
CompressedClassSpaceSize: 1.00 GB

CodeHeap 'non-profiled nmethods': size=120000Kb used=505Kb max_used=505Kb free=119494Kb
 bounds [0x0000022d6a5e0000, 0x0000022d6a850000, 0x0000022d71b10000]
CodeHeap 'profiled nmethods': size=120000Kb used=2727Kb max_used=2727Kb free=117272Kb
 bounds [0x0000022d630b0000, 0x0000022d63360000, 0x0000022d6a5e0000]
CodeHeap 'non-nmethods': size=5760Kb used=1314Kb max_used=1344Kb free=4445Kb
 bounds [0x0000022d62b10000, 0x0000022d62d80000, 0x0000022d630b0000]
 total_blobs=2098 nmethods=1496 adapters=514
 compilation: enabled
              stopped_count=0, restarted_count=0
 full_count=0

Compilation events (20 events):
Event: 0.756 Thread 0x0000022d7dd20800 nmethod 1225 0x0000022d632afa90 code [0x0000022d632affc0, 0x0000022d632b3158]
Event: 0.756 Thread 0x0000022d7dd20800 1226       3       sun.security.ssl.CipherSuite::supports (11 bytes)
Event: 0.756 Thread 0x0000022d7dd20800 nmethod 1226 0x0000022d632b4190 code [0x0000022d632b4340, 0x0000022d632b4548]
Event: 0.756 Thread 0x0000022d7dd20800 1227       3       java.lang.Enum::hashCode (5 bytes)
Event: 0.756 Thread 0x0000022d7dd20800 nmethod 1227 0x0000022d632b4610 code [0x0000022d632b47c0, 0x0000022d632b4908]
Event: 0.756 Thread 0x0000022d7dd20800 1228       3       sun.security.util.DisabledAlgorithmConstraints::permits (56 bytes)
Event: 0.756 Thread 0x0000022d7dd20800 nmethod 1228 0x0000022d632b4990 code [0x0000022d632b4b80, 0x0000022d632b5018]
Event: 0.756 Thread 0x0000022d7dd20800 1229   !   3       sun.security.ssl.SSLAlgorithmDecomposer::decompose (67 bytes)
Event: 0.756 Thread 0x0000022d7dd20800 nmethod 1229 0x0000022d632b5190 code [0x0000022d632b53a0, 0x0000022d632b5828]
Event: 0.756 Thread 0x0000022d7dd20800 1231       3       sun.security.ssl.SSLAlgorithmDecomposer::decompose (93 bytes)
Event: 0.756 Thread 0x0000022d7dd20800 nmethod 1231 0x0000022d632b5a10 code [0x0000022d632b5c60, 0x0000022d632b66d8]
Event: 0.756 Thread 0x0000022d7dd20800 1232       3       java.util.AbstractCollection::isEmpty (13 bytes)
Event: 0.756 Thread 0x0000022d7dd20800 nmethod 1232 0x0000022d632b6990 code [0x0000022d632b6b40, 0x0000022d632b6d88]
Event: 0.757 Thread 0x0000022d7dd20800 1233   !   3       java.lang.Class::getEnumConstantsShared (71 bytes)
Event: 0.759 Thread 0x0000022d7dd20800 nmethod 1233 0x0000022d632b6e10 code [0x0000022d632b7140, 0x0000022d632b85e8]
Event: 0.759 Thread 0x0000022d7dd20800 1234       3       java.lang.System$2::getEnumConstantsShared (8 bytes)
Event: 0.759 Thread 0x0000022d7dd20800 nmethod 1234 0x0000022d632b8e90 code [0x0000022d632b9040, 0x0000022d632b92a8]
Event: 0.759 Thread 0x0000022d7dd20800 1236       3       java.util.RegularEnumSet::add (9 bytes)
Event: 0.759 Thread 0x0000022d7dd20800 nmethod 1236 0x0000022d632b9390 code [0x0000022d632b9540, 0x0000022d632b97a8]
Event: 0.759 Thread 0x0000022d7dd20800 1238       3       sun.security.ssl.SSLAlgorithmDecomposer::decomposes (533 bytes)

GC Heap History (2 events):
Event: 0.593 GC heap before
{Heap before GC invocations=0 (full 0):
 garbage-first heap   total 262144K, used 22528K [0x0000000700e00000, 0x0000000800000000)
  region size 1024K, 23 young (23552K), 0 survivors (0K)
 Metaspace       used 7127K, capacity 8876K, committed 9088K, reserved 1056768K
  class space    used 909K, capacity 1118K, committed 1152K, reserved 1048576K
}
Event: 0.596 GC heap after
{Heap after GC invocations=1 (full 0):
 garbage-first heap   total 262144K, used 3324K [0x0000000700e00000, 0x0000000800000000)
  region size 1024K, 3 young (3072K), 3 survivors (3072K)
 Metaspace       used 7127K, capacity 8876K, committed 9088K, reserved 1056768K
  class space    used 909K, capacity 1118K, committed 1152K, reserved 1048576K
}

Deoptimization events (20 events):
Event: 0.240 Thread 0x0000022d7f367000 Uncommon trap: trap_request=0xffffffde fr.pc=0x0000022d6a5ff8ac relative=0x0000000000000e2c
Event: 0.240 Thread 0x0000022d7f367000 Uncommon trap: reason=class_check action=maybe_recompile pc=0x0000022d6a5ff8ac method=java.util.HashMap.putVal(ILjava/lang/Object;Ljava/lang/Object;ZZ)Ljava/lang/Object; @ 152 c2
Event: 0.240 Thread 0x0000022d7f367000 DEOPT PACKING pc=0x0000022d6a5ff8ac sp=0x000000fb53bfdb00
Event: 0.240 Thread 0x0000022d7f367000 DEOPT UNPACKING pc=0x0000022d62b5912f sp=0x000000fb53bfda90 mode 2
Event: 0.240 Thread 0x0000022d7f367000 Uncommon trap: trap_request=0xffffffde fr.pc=0x0000022d6a5ff8ac relative=0x0000000000000e2c
Event: 0.240 Thread 0x0000022d7f367000 Uncommon trap: reason=class_check action=maybe_recompile pc=0x0000022d6a5ff8ac method=java.util.HashMap.putVal(ILjava/lang/Object;Ljava/lang/Object;ZZ)Ljava/lang/Object; @ 152 c2
Event: 0.240 Thread 0x0000022d7f367000 DEOPT PACKING pc=0x0000022d6a5ff8ac sp=0x000000fb53bfdb00
Event: 0.240 Thread 0x0000022d7f367000 DEOPT UNPACKING pc=0x0000022d62b5912f sp=0x000000fb53bfda90 mode 2
Event: 0.436 Thread 0x0000022d7f286800 Uncommon trap: trap_request=0xffffff45 fr.pc=0x0000022d6a61421c relative=0x000000000000039c
Event: 0.436 Thread 0x0000022d7f286800 Uncommon trap: reason=unstable_if action=reinterpret pc=0x0000022d6a61421c method=java.lang.StringLatin1.indexOf([BI[BII)I @ 27 c2
Event: 0.436 Thread 0x0000022d7f286800 DEOPT PACKING pc=0x0000022d6a61421c sp=0x000000fb53efda90
Event: 0.436 Thread 0x0000022d7f286800 DEOPT UNPACKING pc=0x0000022d62b5912f sp=0x000000fb53efda18 mode 2
Event: 0.701 Thread 0x0000022d7f286800 Uncommon trap: trap_request=0xffffffde fr.pc=0x0000022d6a61ce9c relative=0x0000000000000d3c
Event: 0.701 Thread 0x0000022d7f286800 Uncommon trap: reason=class_check action=maybe_recompile pc=0x0000022d6a61ce9c method=java.util.HashMap.putVal(ILjava/lang/Object;Ljava/lang/Object;ZZ)Ljava/lang/Object; @ 203 c2
Event: 0.701 Thread 0x0000022d7f286800 DEOPT PACKING pc=0x0000022d6a61ce9c sp=0x000000fb53efabf0
Event: 0.701 Thread 0x0000022d7f286800 DEOPT UNPACKING pc=0x0000022d62b5912f sp=0x000000fb53efab90 mode 2
Event: 0.701 Thread 0x0000022d7f286800 Uncommon trap: trap_request=0xffffffde fr.pc=0x0000022d6a61ce9c relative=0x0000000000000d3c
Event: 0.701 Thread 0x0000022d7f286800 Uncommon trap: reason=class_check action=maybe_recompile pc=0x0000022d6a61ce9c method=java.util.HashMap.putVal(ILjava/lang/Object;Ljava/lang/Object;ZZ)Ljava/lang/Object; @ 203 c2
Event: 0.701 Thread 0x0000022d7f286800 DEOPT PACKING pc=0x0000022d6a61ce9c sp=0x000000fb53efabf0
Event: 0.701 Thread 0x0000022d7f286800 DEOPT UNPACKING pc=0x0000022d62b5912f sp=0x000000fb53efab90 mode 2

Classes unloaded (0 events):
No events

Classes redefined (0 events):
No events

Internal exceptions (19 events):
Event: 0.045 Thread 0x0000022d5a0a2000 Exception <a 'java/lang/NoSuchMethodError'{0x0000000710dbd800}: 'void java.lang.invoke.DirectMethodHandle$Holder.invokeSpecial(java.lang.Object, java.lang.Object, java.lang.Object, java.lang.Object)'> (0x0000000710dbd800) 
thrown [./src/hotspot/share/interpreter/linkResolver.cpp, line 766]
Event: 0.276 Thread 0x0000022d5a0a2000 Exception <a 'java/lang/NoSuchMethodError'{0x00000007104b0fc0}: 'int java.lang.invoke.DirectMethodHandle$Holder.invokeStaticInit(java.lang.Object, java.lang.Object, java.lang.Object)'> (0x00000007104b0fc0) 
thrown [./src/hotspot/share/interpreter/linkResolver.cpp, line 766]
Event: 0.277 Thread 0x0000022d5a0a2000 Exception <a 'java/lang/NoSuchMethodError'{0x00000007104bbee0}: 'void java.lang.invoke.DirectMethodHandle$Holder.invokeSpecial(java.lang.Object, java.lang.Object)'> (0x00000007104bbee0) 
thrown [./src/hotspot/share/interpreter/linkResolver.cpp, line 766]
Event: 0.294 Thread 0x0000022d5a0a2000 Exception <a 'java/lang/NoSuchMethodError'{0x000000071027a8f0}: 'java.lang.Object java.lang.invoke.DirectMethodHandle$Holder.invokeStatic(java.lang.Object, java.lang.Object, int, java.lang.Object)'> (0x000000071027a8f0) 
thrown [./src/hotspot/share/interpreter/linkResolver.cpp, line 766]
Event: 0.295 Thread 0x0000022d5a0a2000 Exception <a 'java/lang/NoSuchMethodError'{0x00000007102f6a20}: 'java.lang.Object java.lang.invoke.Invokers$Holder.linkToTargetMethod(java.lang.Object, int, java.lang.Object, java.lang.Object)'> (0x00000007102f6a20) 
thrown [./src/hotspot/share/interpreter/linkResolver.cpp, line 766]
Event: 0.398 Thread 0x0000022d7f286800 Exception <a 'java/lang/NoSuchMethodError'{0x000000070ff13168}: 'void java.lang.invoke.DirectMethodHandle$Holder.invokeStaticInit(java.lang.Object)'> (0x000000070ff13168) 
thrown [./src/hotspot/share/interpreter/linkResolver.cpp, line 766]
Event: 0.400 Thread 0x0000022d5a0a2000 Exception <a 'java/lang/NoSuchMethodError'{0x000000070ff7da80}: 'java.lang.Object java.lang.invoke.Invokers$Holder.linkToTargetMethod(java.lang.Object, java.lang.Object, java.lang.Object, java.lang.Object, java.lang.Object, java.lang.Object)'> (0x000000070ff7da80) 
thrown [./src/hotspot/share/interpreter/linkResolver.cpp, line 766]
Event: 0.407 Thread 0x0000022d7ecad000 Exception <a 'java/lang/NoSuchMethodError'{0x000000070fff17e8}: 'void java.lang.invoke.DirectMethodHandle$Holder.invokeStatic(java.lang.Object, java.lang.Object, java.lang.Object, java.lang.Object)'> (0x000000070fff17e8) 
thrown [./src/hotspot/share/interpreter/linkResolver.cpp, line 766]
Event: 0.519 Thread 0x0000022d7f286800 Exception <a 'java/lang/NoSuchMethodError'{0x000000070f901078}: 'java.lang.Object java.lang.invoke.DirectMethodHandle$Holder.invokeStaticInit(java.lang.Object, java.lang.Object, java.lang.Object, java.lang.Object)'> (0x000000070f901078) 
thrown [./src/hotspot/share/interpreter/linkResolver.cpp, line 766]
Event: 0.520 Thread 0x0000022d7f286800 Exception <a 'java/lang/NullPointerException'{0x000000070f90b798}> (0x000000070f90b798) 
thrown [./src/hotspot/share/interpreter/linkResolver.cpp, line 1348]
Event: 0.523 Thread 0x0000022d7f286800 Exception <a 'java/lang/NoSuchMethodError'{0x000000070f92a590}: 'void java.lang.invoke.DirectMethodHandle$Holder.invokeSpecial(java.lang.Object, java.lang.Object, java.lang.Object, java.lang.Object, java.lang.Object)'> (0x000000070f92a590) 
thrown [./src/hotspot/share/interpreter/linkResolver.cpp, line 766]
Event: 0.622 Thread 0x0000022d7f286800 Exception <a 'java/lang/NoSuchMethodError'{0x0000000710c40000}: 'java.lang.Object java.lang.invoke.Invokers$Holder.linkToTargetMethod(java.lang.Object, int, java.lang.Object)'> (0x0000000710c40000) 
thrown [./src/hotspot/share/interpreter/linkResolver.cpp, line 766]
Event: 0.721 Thread 0x0000022d7f286800 Exception <a 'java/lang/NoSuchMethodError'{0x00000007106036a8}: 'java.lang.Object java.lang.invoke.DirectMethodHandle$Holder.invokeStaticInit(java.lang.Object, int, int, int, int)'> (0x00000007106036a8) 
thrown [./src/hotspot/share/interpreter/linkResolver.cpp, line 766]
Event: 0.722 Thread 0x0000022d7f286800 Exception <a 'sun/nio/fs/WindowsException'{0x00000007106093c0}> (0x00000007106093c0) 
thrown [./src/hotspot/share/prims/jni.cpp, line 599]
Event: 0.723 Thread 0x0000022d7f286800 Exception <a 'java/lang/NoSuchMethodError'{0x000000071060b018}: 'int java.lang.invoke.DirectMethodHandle$Holder.invokeSpecialIFC(java.lang.Object, java.lang.Object, int)'> (0x000000071060b018) 
thrown [./src/hotspot/share/interpreter/linkResolver.cpp, line 766]
Event: 0.730 Thread 0x0000022d7f286800 Exception <a 'java/lang/NoSuchMethodError'{0x0000000710631f20}: 'int java.lang.invoke.DirectMethodHandle$Holder.invokeStaticInit(java.lang.Object, java.lang.Object, java.lang.Object, java.lang.Object)'> (0x0000000710631f20) 
thrown [./src/hotspot/share/interpreter/linkResolver.cpp, line 766]
Event: 0.730 Thread 0x0000022d7f286800 Exception <a 'java/lang/IncompatibleClassChangeError'{0x000000071063aca0}: Found class java.lang.Object, but interface was expected> (0x000000071063aca0) 
thrown [./src/hotspot/share/interpreter/linkResolver.cpp, line 832]
Event: 0.730 Thread 0x0000022d7f286800 Exception <a 'java/lang/NoSuchMethodError'{0x000000071063dae0}: 'void java.lang.invoke.DirectMethodHandle$Holder.invokeStaticInit(java.lang.Object, java.lang.Object)'> (0x000000071063dae0) 
thrown [./src/hotspot/share/interpreter/linkResolver.cpp, line 766]
Event: 0.731 Thread 0x0000022d7f286800 Exception <a 'java/lang/NoSuchMethodError'{0x0000000710642ba8}: 'int java.lang.invoke.DirectMethodHandle$Holder.invokeStaticInit(java.lang.Object, java.lang.Object)'> (0x0000000710642ba8) 
thrown [./src/hotspot/share/interpreter/linkResolver.cpp, line 766]

Events (20 events):
Event: 0.744 loading class sun/security/util/SecurityProviderConstants
Event: 0.745 loading class sun/security/util/SecurityProviderConstants done
Event: 0.745 loading class sun/security/util/ECUtil
Event: 0.745 loading class sun/security/util/ECUtil done
Event: 0.745 loading class java/security/AlgorithmParameters
Event: 0.745 loading class java/security/AlgorithmParameters done
Event: 0.745 loading class java/security/AlgorithmParametersSpi
Event: 0.745 loading class java/security/AlgorithmParametersSpi done
Event: 0.745 loading class sun/security/util/ECParameters
Event: 0.745 loading class sun/security/util/ECParameters done
Event: 0.745 loading class sun/security/util/ECKeySizeParameterSpec
Event: 0.745 loading class sun/security/util/ECKeySizeParameterSpec done
Event: 0.745 loading class java/security/spec/ECGenParameterSpec
Event: 0.745 loading class java/security/spec/NamedParameterSpec
Event: 0.745 loading class java/security/spec/NamedParameterSpec done
Event: 0.745 loading class java/security/spec/ECGenParameterSpec done
Event: 0.745 loading class java/security/KeyPairGenerator$Delegate
Event: 0.745 loading class java/security/KeyPairGenerator$Delegate done
Event: 0.755 loading class sun/security/ssl/SSLContextImpl$CustomizedSSLProtocols
Event: 0.756 loading class sun/security/ssl/SSLContextImpl$CustomizedSSLProtocols done


Dynamic libraries:
0x00007ff671f60000 - 0x00007ff671f6d000 	C:\Users\Ashraf\.jdks\adopt-openjdk-14.0.2\bin\java.exe
0x00007ffa06940000 - 0x00007ffa06b30000 	C:\WINDOWS\SYSTEM32\ntdll.dll
0x00007ffa05de0000 - 0x00007ffa05e92000 	C:\WINDOWS\System32\KERNEL32.DLL
0x00007ffa03d20000 - 0x00007ffa03fc5000 	C:\WINDOWS\System32\KERNELBASE.dll
0x00007ffa04840000 - 0x00007ffa0493a000 	C:\WINDOWS\System32\ucrtbase.dll
0x00007ff9eca80000 - 0x00007ff9eca95000 	C:\Users\Ashraf\.jdks\adopt-openjdk-14.0.2\bin\VCRUNTIME140.dll
0x00007ff9ed200000 - 0x00007ff9ed218000 	C:\Users\Ashraf\.jdks\adopt-openjdk-14.0.2\bin\jli.dll
0x00007ffa04d20000 - 0x00007ffa04eb4000 	C:\WINDOWS\System32\USER32.dll
0x00007ffa03910000 - 0x00007ffa03931000 	C:\WINDOWS\System32\win32u.dll
0x00007ff9e2240000 - 0x00007ff9e24c4000 	C:\WINDOWS\WinSxS\amd64_microsoft.windows.common-controls_6595b64144ccf1df_6.0.18362.1379_none_9e7ff3b3e45cc0c4\COMCTL32.dll
0x00007ffa05c90000 - 0x00007ffa05cb6000 	C:\WINDOWS\System32\GDI32.dll
0x00007ffa054b0000 - 0x00007ffa0554e000 	C:\WINDOWS\System32\msvcrt.dll
0x00007ffa03940000 - 0x00007ffa03ad8000 	C:\WINDOWS\System32\gdi32full.dll
0x00007ffa05170000 - 0x00007ffa054a7000 	C:\WINDOWS\System32\combase.dll
0x00007ffa03ff0000 - 0x00007ffa0408e000 	C:\WINDOWS\System32\msvcp_win.dll
0x00007ffa05cc0000 - 0x00007ffa05ddf000 	C:\WINDOWS\System32\RPCRT4.dll
0x00007ffa03c30000 - 0x00007ffa03cb1000 	C:\WINDOWS\System32\bcryptPrimitives.dll
0x00007ffa065f0000 - 0x00007ffa0661e000 	C:\WINDOWS\System32\IMM32.DLL
0x00007ff9c1b50000 - 0x00007ff9c1beb000 	C:\Users\Ashraf\.jdks\adopt-openjdk-14.0.2\bin\msvcp140.dll
0x00007ff9936e0000 - 0x00007ff994274000 	C:\Users\Ashraf\.jdks\adopt-openjdk-14.0.2\bin\server\jvm.dll
0x00007ffa06770000 - 0x00007ffa06813000 	C:\WINDOWS\System32\ADVAPI32.dll
0x00007ffa05550000 - 0x00007ffa055e7000 	C:\WINDOWS\System32\sechost.dll
0x00007ffa05b30000 - 0x00007ffa05b38000 	C:\WINDOWS\System32\PSAPI.DLL
0x00007ff9a9ce0000 - 0x00007ff9a9ce9000 	C:\WINDOWS\SYSTEM32\WSOCK32.dll
0x00007ff9f5360000 - 0x00007ff9f5384000 	C:\WINDOWS\SYSTEM32\WINMM.dll
0x00007ff9fcfb0000 - 0x00007ff9fcfba000 	C:\WINDOWS\SYSTEM32\VERSION.dll
0x00007ffa05b40000 - 0x00007ffa05baf000 	C:\WINDOWS\System32\WS2_32.dll
0x00007ff9f4900000 - 0x00007ff9f492d000 	C:\WINDOWS\SYSTEM32\winmmbase.dll
0x00007ffa038c0000 - 0x00007ffa0390a000 	C:\WINDOWS\System32\cfgmgr32.dll
0x00007ffa03870000 - 0x00007ffa03881000 	C:\WINDOWS\System32\kernel.appcore.dll
0x00007ff9f7fd0000 - 0x00007ff9f7fda000 	C:\Users\Ashraf\.jdks\adopt-openjdk-14.0.2\bin\jimage.dll
0x00007ffa021b0000 - 0x00007ffa023a4000 	C:\WINDOWS\SYSTEM32\DBGHELP.DLL
0x00007ff9fc820000 - 0x00007ff9fc84a000 	C:\WINDOWS\SYSTEM32\dbgcore.DLL
0x00007ff9eca10000 - 0x00007ff9eca35000 	C:\Users\Ashraf\.jdks\adopt-openjdk-14.0.2\bin\java.dll
0x00007ff9eb170000 - 0x00007ff9eb186000 	C:\Users\Ashraf\.jdks\adopt-openjdk-14.0.2\bin\zip.dll
0x00007ffa05f00000 - 0x00007ffa065e8000 	C:\WINDOWS\System32\SHELL32.dll
0x00007ffa04ac0000 - 0x00007ffa04b67000 	C:\WINDOWS\System32\shcore.dll
0x00007ffa04090000 - 0x00007ffa0480b000 	C:\WINDOWS\System32\windows.storage.dll
0x00007ffa03890000 - 0x00007ffa038b3000 	C:\WINDOWS\System32\profapi.dll
0x00007ffa03820000 - 0x00007ffa0386a000 	C:\WINDOWS\System32\powrprof.dll
0x00007ffa037f0000 - 0x00007ffa03800000 	C:\WINDOWS\System32\UMPDC.dll
0x00007ffa06820000 - 0x00007ffa06872000 	C:\WINDOWS\System32\shlwapi.dll
0x00007ffa03fd0000 - 0x00007ffa03fe7000 	C:\WINDOWS\System32\cryptsp.dll
0x00007ff9eb150000 - 0x00007ff9eb169000 	C:\Users\Ashraf\.jdks\adopt-openjdk-14.0.2\bin\net.dll
0x00007ff9fcd50000 - 0x00007ff9fce40000 	C:\WINDOWS\SYSTEM32\WINHTTP.dll
0x00007ffa03030000 - 0x00007ffa03097000 	C:\WINDOWS\system32\mswsock.dll
0x00007ff9e08c0000 - 0x00007ff9e08d2000 	C:\Users\Ashraf\.jdks\adopt-openjdk-14.0.2\bin\nio.dll
0x0000022d57f50000 - 0x0000022d57f53000 	C:\Users\Ashraf\.jdks\adopt-openjdk-14.0.2\bin\api-ms-win-core-console-l1-1-0.dll
0x0000022d57f60000 - 0x0000022d57f63000 	C:\Users\Ashraf\.jdks\adopt-openjdk-14.0.2\bin\api-ms-win-core-datetime-l1-1-0.dll
0x0000022d57f70000 - 0x0000022d57f73000 	C:\Users\Ashraf\.jdks\adopt-openjdk-14.0.2\bin\api-ms-win-core-debug-l1-1-0.dll
0x0000022d57f80000 - 0x0000022d57f83000 	C:\Users\Ashraf\.jdks\adopt-openjdk-14.0.2\bin\api-ms-win-core-errorhandling-l1-1-0.dll
0x0000022d58220000 - 0x0000022d58224000 	C:\Users\Ashraf\.jdks\adopt-openjdk-14.0.2\bin\api-ms-win-core-file-l1-1-0.dll
0x0000022d58230000 - 0x0000022d58233000 	C:\Users\Ashraf\.jdks\adopt-openjdk-14.0.2\bin\api-ms-win-core-file-l1-2-0.dll
0x0000022d58240000 - 0x0000022d58243000 	C:\Users\Ashraf\.jdks\adopt-openjdk-14.0.2\bin\api-ms-win-core-file-l2-1-0.dll
0x0000022d59fa0000 - 0x0000022d59fa3000 	C:\Users\Ashraf\.jdks\adopt-openjdk-14.0.2\bin\api-ms-win-core-handle-l1-1-0.dll
0x0000022d59fb0000 - 0x0000022d59fb3000 	C:\Users\Ashraf\.jdks\adopt-openjdk-14.0.2\bin\api-ms-win-core-heap-l1-1-0.dll
0x0000022d59fc0000 - 0x0000022d59fc3000 	C:\Users\Ashraf\.jdks\adopt-openjdk-14.0.2\bin\api-ms-win-core-interlocked-l1-1-0.dll
0x0000022d59fd0000 - 0x0000022d59fd3000 	C:\Users\Ashraf\.jdks\adopt-openjdk-14.0.2\bin\api-ms-win-core-libraryloader-l1-1-0.dll
0x0000022d59fe0000 - 0x0000022d59fe3000 	C:\Users\Ashraf\.jdks\adopt-openjdk-14.0.2\bin\api-ms-win-core-localization-l1-2-0.dll
0x0000022d59ff0000 - 0x0000022d59ff3000 	C:\Users\Ashraf\.jdks\adopt-openjdk-14.0.2\bin\api-ms-win-core-memory-l1-1-0.dll
0x0000022d5a000000 - 0x0000022d5a003000 	C:\Users\Ashraf\.jdks\adopt-openjdk-14.0.2\bin\api-ms-win-core-namedpipe-l1-1-0.dll
0x0000022d5a010000 - 0x0000022d5a013000 	C:\Users\Ashraf\.jdks\adopt-openjdk-14.0.2\bin\api-ms-win-core-processenvironment-l1-1-0.dll
0x0000022d5a020000 - 0x0000022d5a023000 	C:\Users\Ashraf\.jdks\adopt-openjdk-14.0.2\bin\api-ms-win-core-processthreads-l1-1-0.dll
0x0000022d5a030000 - 0x0000022d5a033000 	C:\Users\Ashraf\.jdks\adopt-openjdk-14.0.2\bin\api-ms-win-core-processthreads-l1-1-1.dll
0x0000022d5a040000 - 0x0000022d5a043000 	C:\Users\Ashraf\.jdks\adopt-openjdk-14.0.2\bin\api-ms-win-core-profile-l1-1-0.dll
0x0000022d5a050000 - 0x0000022d5a053000 	C:\Users\Ashraf\.jdks\adopt-openjdk-14.0.2\bin\api-ms-win-core-rtlsupport-l1-1-0.dll
0x0000022d5a060000 - 0x0000022d5a063000 	C:\Users\Ashraf\.jdks\adopt-openjdk-14.0.2\bin\api-ms-win-core-string-l1-1-0.dll
0x0000022d7f670000 - 0x0000022d7f673000 	C:\Users\Ashraf\.jdks\adopt-openjdk-14.0.2\bin\api-ms-win-core-synch-l1-1-0.dll
0x0000022d7f680000 - 0x0000022d7f683000 	C:\Users\Ashraf\.jdks\adopt-openjdk-14.0.2\bin\api-ms-win-core-synch-l1-2-0.dll
0x0000022d7f690000 - 0x0000022d7f693000 	C:\Users\Ashraf\.jdks\adopt-openjdk-14.0.2\bin\api-ms-win-core-sysinfo-l1-1-0.dll
0x0000022d7f6a0000 - 0x0000022d7f6a3000 	C:\Users\Ashraf\.jdks\adopt-openjdk-14.0.2\bin\api-ms-win-core-timezone-l1-1-0.dll
0x0000022d7f6b0000 - 0x0000022d7f6b3000 	C:\Users\Ashraf\.jdks\adopt-openjdk-14.0.2\bin\api-ms-win-core-util-l1-1-0.dll
0x0000022d7f6c0000 - 0x0000022d7f6c3000 	C:\Users\Ashraf\.jdks\adopt-openjdk-14.0.2\bin\api-ms-win-crt-conio-l1-1-0.dll
0x0000022d7f6d0000 - 0x0000022d7f6d4000 	C:\Users\Ashraf\.jdks\adopt-openjdk-14.0.2\bin\api-ms-win-crt-convert-l1-1-0.dll
0x0000022d7f6e0000 - 0x0000022d7f6e3000 	C:\Users\Ashraf\.jdks\adopt-openjdk-14.0.2\bin\api-ms-win-crt-environment-l1-1-0.dll
0x0000022d7f6f0000 - 0x0000022d7f6f3000 	C:\Users\Ashraf\.jdks\adopt-openjdk-14.0.2\bin\api-ms-win-crt-filesystem-l1-1-0.dll
0x0000022d7f700000 - 0x0000022d7f703000 	C:\Users\Ashraf\.jdks\adopt-openjdk-14.0.2\bin\api-ms-win-crt-heap-l1-1-0.dll
0x0000022d7f710000 - 0x0000022d7f713000 	C:\Users\Ashraf\.jdks\adopt-openjdk-14.0.2\bin\api-ms-win-crt-locale-l1-1-0.dll
0x0000022d7f720000 - 0x0000022d7f725000 	C:\Users\Ashraf\.jdks\adopt-openjdk-14.0.2\bin\api-ms-win-crt-math-l1-1-0.dll
0x0000022d7f730000 - 0x0000022d7f735000 	C:\Users\Ashraf\.jdks\adopt-openjdk-14.0.2\bin\api-ms-win-crt-multibyte-l1-1-0.dll
0x0000022d7f740000 - 0x0000022d7f750000 	C:\Users\Ashraf\.jdks\adopt-openjdk-14.0.2\bin\api-ms-win-crt-private-l1-1-0.dll
0x0000022d7f750000 - 0x0000022d7f753000 	C:\Users\Ashraf\.jdks\adopt-openjdk-14.0.2\bin\api-ms-win-crt-process-l1-1-0.dll
0x0000022d7f760000 - 0x0000022d7f764000 	C:\Users\Ashraf\.jdks\adopt-openjdk-14.0.2\bin\api-ms-win-crt-runtime-l1-1-0.dll
0x0000022d7f770000 - 0x0000022d7f774000 	C:\Users\Ashraf\.jdks\adopt-openjdk-14.0.2\bin\api-ms-win-crt-stdio-l1-1-0.dll
0x0000022d7f780000 - 0x0000022d7f784000 	C:\Users\Ashraf\.jdks\adopt-openjdk-14.0.2\bin\api-ms-win-crt-string-l1-1-0.dll
0x0000022d7f790000 - 0x0000022d7f793000 	C:\Users\Ashraf\.jdks\adopt-openjdk-14.0.2\bin\api-ms-win-crt-time-l1-1-0.dll
0x0000022d7f7a0000 - 0x0000022d7f7a3000 	C:\Users\Ashraf\.jdks\adopt-openjdk-14.0.2\bin\api-ms-win-crt-utility-l1-1-0.dll
0x00007ff9ecaa0000 - 0x00007ff9ecb9a000 	C:\Users\Ashraf\.jdks\adopt-openjdk-14.0.2\bin\ucrtbase.dll
0x00007ff9ed7e0000 - 0x00007ff9ed831000 	C:\Windows\System32\concrt140.dll
0x00007ff9edbc0000 - 0x00007ff9edbe3000 	C:\Users\Ashraf\.openjfx\cache\12.0.1\prism_d3d.dll
0x00007ff9fbbd0000 - 0x00007ff9fbd97000 	C:\WINDOWS\system32\d3d9.dll
0x00007ffa01d80000 - 0x00007ffa01dad000 	C:\WINDOWS\SYSTEM32\dwmapi.dll
0x00007ffa02430000 - 0x00007ffa02450000 	C:\WINDOWS\SYSTEM32\dxcore.dll
0x00007ffa016d0000 - 0x00007ffa01769000 	C:\WINDOWS\system32\uxtheme.dll
0x00007ff9f3bd0000 - 0x00007ff9f3cd2000 	C:\WINDOWS\System32\DriverStore\FileRepository\nv_dispi.inf_amd64_60daf66a00f2e0b6\nvldumdx.dll
0x00007ffa03800000 - 0x00007ffa03812000 	C:\WINDOWS\System32\msasn1.dll
0x00007ff9fd130000 - 0x00007ff9fd15f000 	C:\WINDOWS\SYSTEM32\cryptnet.dll
0x00007ffa03ae0000 - 0x00007ffa03c2a000 	C:\WINDOWS\System32\CRYPT32.dll
0x00007ffa03200000 - 0x00007ffa0320c000 	C:\WINDOWS\SYSTEM32\cryptbase.dll
0x00007ffa03cc0000 - 0x00007ffa03d1c000 	C:\WINDOWS\System32\WINTRUST.DLL
0x00007ffa05b10000 - 0x00007ffa05b2d000 	C:\WINDOWS\System32\imagehlp.dll
0x00007ffa02bb0000 - 0x00007ffa02be3000 	C:\WINDOWS\system32\rsaenh.dll
0x00007ffa04810000 - 0x00007ffa04836000 	C:\WINDOWS\System32\bcrypt.dll
0x00007ff9aab60000 - 0x00007ff9ac57b000 	C:\WINDOWS\System32\DriverStore\FileRepository\nv_dispi.inf_amd64_60daf66a00f2e0b6\nvd3dumx.dll
0x00007ff9ed3a0000 - 0x00007ff9ed3e5000 	C:\Users\Ashraf\.openjfx\cache\12.0.1\glass.dll
0x00007ffa049f0000 - 0x00007ffa04ac0000 	C:\WINDOWS\System32\COMDLG32.dll
0x00007ffa05000000 - 0x00007ffa05157000 	C:\WINDOWS\System32\ole32.dll
0x00007ffa05bc0000 - 0x00007ffa05c85000 	C:\WINDOWS\System32\OLEAUT32.dll
0x00007ffa04ec0000 - 0x00007ffa04ff5000 	C:\WINDOWS\System32\MSCTF.dll
0x00007ff9cab50000 - 0x00007ff9cadfe000 	C:\WINDOWS\system32\nvspcap64.dll
0x00007ffa02830000 - 0x00007ffa02861000 	C:\WINDOWS\SYSTEM32\ntmarta.dll
0x00007ffa023e0000 - 0x00007ffa02402000 	C:\WINDOWS\SYSTEM32\gpapi.dll
0x00007ff9f0c50000 - 0x00007ff9f0c64000 	C:\Users\Ashraf\.openjfx\cache\12.0.1\javafx_font.dll
0x00007ff9e49d0000 - 0x00007ff9e4cce000 	C:\WINDOWS\SYSTEM32\dwrite.dll
0x00007ff9e0290000 - 0x00007ff9e02b5000 	C:\Users\Ashraf\.jdks\adopt-openjdk-14.0.2\bin\sunec.dll
0x00007ffa036d0000 - 0x00007ffa036f5000 	C:\WINDOWS\SYSTEM32\USERENV.dll
0x00007ffa02d40000 - 0x00007ffa02d7a000 	C:\WINDOWS\SYSTEM32\IPHLPAPI.DLL
0x00007ffa05160000 - 0x00007ffa05168000 	C:\WINDOWS\System32\NSI.dll
0x00007ff9fe730000 - 0x00007ff9fe746000 	C:\WINDOWS\SYSTEM32\dhcpcsvc6.DLL
0x00007ff9fe710000 - 0x00007ff9fe72c000 	C:\WINDOWS\SYSTEM32\dhcpcsvc.DLL
0x00007ffa02d80000 - 0x00007ffa02e4b000 	C:\WINDOWS\SYSTEM32\DNSAPI.dll
0x00007ff9ed7d0000 - 0x00007ff9ed7de000 	C:\Users\Ashraf\.jdks\adopt-openjdk-14.0.2\bin\sunmscapi.dll
0x00007ffa03300000 - 0x00007ffa03326000 	C:\WINDOWS\SYSTEM32\ncrypt.dll
0x00007ffa032c0000 - 0x00007ffa032fb000 	C:\WINDOWS\SYSTEM32\NTASN1.dll
0x00007ff9fbf00000 - 0x00007ff9fbf0a000 	C:\Windows\System32\rasadhlp.dll
0x00007ff9fe320000 - 0x00007ff9fe397000 	C:\WINDOWS\System32\fwpuclnt.dll

dbghelp: loaded successfully - version: 4.0.5 - missing functions: none
symbol engine: initialized successfully - sym options: 0x614 - pdb path: .;C:\Users\Ashraf\.jdks\adopt-openjdk-14.0.2\bin;C:\WINDOWS\SYSTEM32;C:\WINDOWS\WinSxS\amd64_microsoft.windows.common-controls_6595b64144ccf1df_6.0.18362.1379_none_9e7ff3b3e45cc0c4;C:\Users\Ashraf\.jdks\adopt-openjdk-14.0.2\bin\server;C:\Users\Ashraf\.openjfx\cache\12.0.1;C:\WINDOWS\System32\DriverStore\FileRepository\nv_dispi.inf_amd64_60daf66a00f2e0b6

VM Arguments:
jvm_args: --add-modules=javafx.controls,javafx.fxml --module-path=C:\Users\Ashraf\.gradle\caches\modules-2\files-2.1\org.openjfx\javafx-fxml\12.0.1\5397068b7fb8f8db6631242d78e14f7d6db07d51\javafx-fxml-12.0.1-win.jar;C:\Users\Ashraf\.gradle\caches\modules-2\files-2.1\org.openjfx\javafx-controls\12.0.1\838555460c025b8df0fbc0fa03bf3f3767698f89\javafx-controls-12.0.1-win.jar;C:\Users\Ashraf\.gradle\caches\modules-2\files-2.1\org.openjfx\javafx-graphics\12.0.1\18a01ffdd4edb82e7da3bc99937c6a608d1eaaa6\javafx-graphics-12.0.1-win.jar;C:\Users\Ashraf\.gradle\caches\modules-2\files-2.1\org.openjfx\javafx-base\12.0.1\6f5947b255bb26e072862b3bb0c32d54d8effe84\javafx-base-12.0.1-win.jar -Dfile.encoding=windows-1252 -Duser.country=IE -Duser.language=en -Duser.variant 
java_command: Main
java_class_path (initial): C:\Users\Ashraf\Desktop\Projects\AlphaRisk\build\classes\java\main;C:\Users\Ashraf\Desktop\Projects\AlphaRisk\build\resources\main;C:\Users\Ashraf\.gradle\caches\modules-2\files-2.1\org.junit.jupiter\junit-jupiter\5.4.2\3d53c16407bcc8f32b3569e10f9c4c3ec1792dc6\junit-jupiter-5.4.2.jar;C:\Users\Ashraf\.gradle\caches\modules-2\files-2.1\org.openjfx\javafx-fxml\12.0.1\5397068b7fb8f8db6631242d78e14f7d6db07d51\javafx-fxml-12.0.1-win.jar;C:\Users\Ashraf\.gradle\caches\modules-2\files-2.1\org.openjfx\javafx-controls\12.0.1\838555460c025b8df0fbc0fa03bf3f3767698f89\javafx-controls-12.0.1-win.jar;C:\Users\Ashraf\.gradle\caches\modules-2\files-2.1\org.openjfx\javafx-controls\12.0.1\a6502999bdb947885c8d121a47d745d52a06577a\javafx-controls-12.0.1.jar;C:\Users\Ashraf\.gradle\caches\modules-2\files-2.1\org.openjfx\javafx-graphics\12.0.1\18a01ffdd4edb82e7da3bc99937c6a608d1eaaa6\javafx-graphics-12.0.1-win.jar;C:\Users\Ashraf\.gradle\caches\modules-2\files-2.1\org.openjfx\javafx-graphics\12.0.1\19ec56a15d7dd9c49112912547425b718485d7db\javafx-graphics-12.0.1.jar;C:\Users\Ashraf\.gradle\caches\modules-2\files-2.1\org.openjfx\javafx-base\12.0.1\6f5947b255bb26e072862b3bb0c32d54d8effe84\javafx-base-12.0.1-win.jar;C:\Users\Ashraf\.gradle\caches\modules-2\files-2.1\org.openjfx\javafx-base\12.0.1\6abae81d00e0c6f4fde02e2666f9c0b989ff47e4\javafx-base-12.0.1.jar;C:\Users\Ashraf\.gradle\caches\modules-2\files-2.1\org.junit.jupiter\junit-jupiter-params\5.4.2\90869581419d4125a30d7b80800c1c86a48d18ad\junit-jupiter-params-5.4.2.jar;C:\Users\Ashraf\.gradle\caches\modules-2\files-2.1\org.junit.jupiter\junit-jupiter-engine\5.4.2\4d10922ce4d9c4e22cef8ff5386cb273b9f12281\junit-jupiter-engine-5.4.2.jar;C:\Users\Ashraf\.gradle\caches\modules-2\files-2.1\org.junit.jupiter\junit-jupiter-api\5.4.2\665d1c0daecb26c6210c872768000b417e7e52b6\junit-jupiter-api-5.4.2.jar;C:\Users\Ashraf\.gradle\caches\modules-2\files-2.1\org.junit.platform\junit-platform-engine\1.4.2\52b70561f65bb397b054
Launcher Type: SUN_STANDARD

[Global flags]
     intx CICompilerCount                          = 4                                         {product} {ergonomic}
     uint ConcGCThreads                            = 2                                         {product} {ergonomic}
     uint G1ConcRefinementThreads                  = 8                                         {product} {ergonomic}
   size_t G1HeapRegionSize                         = 1048576                                   {product} {ergonomic}
    uintx GCDrainStackTargetSize                   = 64                                        {product} {ergonomic}
   size_t InitialHeapSize                          = 268435456                                 {product} {ergonomic}
   size_t MarkStackSize                            = 4194304                                   {product} {ergonomic}
   size_t MaxHeapSize                              = 4280287232                                {product} {ergonomic}
   size_t MaxNewSize                               = 2567962624                                {product} {ergonomic}
   size_t MinHeapDeltaBytes                        = 1048576                                   {product} {ergonomic}
   size_t MinHeapSize                              = 8388608                                   {product} {ergonomic}
    uintx NonNMethodCodeHeapSize                   = 5839372                                {pd product} {ergonomic}
    uintx NonProfiledCodeHeapSize                  = 122909434                              {pd product} {ergonomic}
    uintx ProfiledCodeHeapSize                     = 122909434                              {pd product} {ergonomic}
    uintx ReservedCodeCacheSize                    = 251658240                              {pd product} {ergonomic}
     bool SegmentedCodeCache                       = true                                      {product} {ergonomic}
   size_t SoftMaxHeapSize                          = 4280287232                             {manageable} {ergonomic}
     bool UseCompressedClassPointers               = true                                 {lp64_product} {ergonomic}
     bool UseCompressedOops                        = true                                 {lp64_product} {ergonomic}
     bool UseG1GC                                  = true                                      {product} {ergonomic}
     bool UseLargePagesIndividualAllocation        = false                                  {pd product} {ergonomic}

Logging:
Log output configuration:
 #0: stdout all=warning uptime,level,tags
 #1: stderr all=off uptime,level,tags

Environment Variables:
PATH=C:\WINDOWS\system32;C:\WINDOWS;C:\WINDOWS\System32\Wbem;C:\WINDOWS\System32\WindowsPowerShell\v1.0\;C:\WINDOWS\System32\OpenSSH\;C:\Program Files\NVIDIA Corporation\NVIDIA NvDLISR;C:\Program Files (x86)\NVIDIA Corporation\PhysX\Common;C:\Program Files\Git\cmd;C:\Program Files\Git\mingw64\bin;C:\Program Files\Git\usr\bin;C:\Users\Ashraf\miniconda3;C:\Users\Ashraf\miniconda3\Library\mingw-w64\bin;C:\Users\Ashraf\miniconda3\Library\usr\bin;C:\Users\Ashraf\miniconda3\Library\bin;C:\Users\Ashraf\miniconda3\Scripts;C:\Users\Ashraf\AppData\Local\Microsoft\WindowsApps;C:\Users\Ashraf\AppData\Local\Programs\Microsoft VS Code\bin
USERNAME=Ashraf
OS=Windows_NT
PROCESSOR_IDENTIFIER=Intel64 Family 6 Model 158 Stepping 9, GenuineIntel



---------------  S Y S T E M  ---------------

OS: Windows 10 , 64 bit Build 18362 (10.0.18362.1350)
OS uptime: 7 days 0:17 hours

CPU:total 8 (initial active 8) (4 cores per cpu, 2 threads per core) family 6 model 158 stepping 9, cmov, cx8, fxsr, mmx, sse, sse2, sse3, ssse3, sse4.1, sse4.2, popcnt, avx, avx2, aes, clmul, erms, rtm, 3dnowpref, lzcnt, ht, tsc, tscinvbit, bmi1, bmi2, adx, fma

Memory: 4k page, system-wide physical 16324M (6389M free)
TotalPageFile size 33156M (AvailPageFile size 15390M)
current process WorkingSet (physical memory assigned to process): 110M, peak: 110M
current process commit charge ("private bytes"): 398M, peak: 398M

vm_info: OpenJDK 64-Bit Server VM (14.0.2+12) for windows-amd64 JRE (14.0.2+12), built on Jul 15 2020 11:30:16 by "" with MS VC++ 15.9 (VS2017)

END.
